La génération a démarré 20/01/2015 20:39:57.
     1>Projet "C:\Users\Nathan\documents\visual studio 2012\Projects\OpenGLModern\MyOpenGL\MyOpenGL.vcxproj" sur le nœud 2 (Build cible(s)).
     1>ClCompile:
         C:\Program Files (x86)\Microsoft Visual Studio 11.0\VC\bin\CL.exe /c /Zi /nologo /W0 /WX- /O2 /Oi /Oy- /GL /D _MBCS /Gm- /EHsc /MD /GS /Gy /fp:precise /Zc:wchar_t /Zc:forScope /Fo"Release\\" /Fd"Release\vc110.pdb" /Gd /TP /analyze- /errorReport:prompt Block.cpp Entity.cpp Light.cpp LightManager.cpp LightSun.cpp MainScene.cpp Player.cpp World.cpp
         Block.cpp
         Entity.cpp
         Light.cpp
         LightManager.cpp
         LightSun.cpp
         MainScene.cpp
         Player.cpp
         World.cpp
       Link:
         C:\Program Files (x86)\Microsoft Visual Studio 11.0\VC\bin\link.exe /ERRORREPORT:PROMPT /OUT:"C:\Users\Nathan\documents\visual studio 2012\Projects\OpenGLModern\Release\MyOpenGL.exe" /NOLOGO YuEngine.lib SDL2.lib SDL2main.lib opengl32.lib glew32.lib SDL2_image.lib CompiledEasyBMP.lib kernel32.lib user32.lib gdi32.lib winspool.lib comdlg32.lib advapi32.lib shell32.lib ole32.lib oleaut32.lib uuid.lib odbc32.lib odbccp32.lib /MANIFEST /MANIFESTUAC:"level='asInvoker' uiAccess='false'" /manifest:embed /DEBUG /PDB:"C:\Users\Nathan\documents\visual studio 2012\Projects\OpenGLModern\Release\MyOpenGL.pdb" /SUBSYSTEM:CONSOLE /OPT:REF /OPT:ICF /LTCG /TLBID:1 /DYNAMICBASE /NXCOMPAT /IMPLIB:"C:\Users\Nathan\documents\visual studio 2012\Projects\OpenGLModern\Release\MyOpenGL.lib" /MACHINE:X86 /SAFESEH Release\Block.obj
         Release\BlockAir.obj
         Release\BlockDirt.obj
         Release\BlockGrass.obj
         Release\Chunk.obj
         Release\Container.obj
         Release\Entity.obj
         Release\Light.obj
         Release\LightManager.obj
         Release\LightSun.obj
         Release\main.obj
         Release\MainScene.obj
         Release\Object.obj
         Release\PixelsMap.obj
         Release\Player.obj
         Release\World.obj
     1>main.obj : error LNK2001: symbole externe non résolu "public: __thiscall MainScene::~MainScene(void)" (??1MainScene@@QAE@XZ)
     1>C:\Users\Nathan\documents\visual studio 2012\Projects\OpenGLModern\Release\MyOpenGL.exe : fatal error LNK1120: 1 externes non résolus
     1>Génération du projet "C:\Users\Nathan\documents\visual studio 2012\Projects\OpenGLModern\MyOpenGL\MyOpenGL.vcxproj" terminée (Build cible(s)) -- ÉCHEC.

ÉCHEC de la build.

Temps écoulé 00:00:03.21
