C:\USERS\NATHAN\DOCUMENTS\VISUAL STUDIO 2012\PROJECTS\OPENGLMODERN\MYOPENGL\RELEASE\MAINSCENE.OBJ
C:\USERS\NATHAN\DOCUMENTS\VISUAL STUDIO 2012\PROJECTS\OPENGLMODERN\MYOPENGL\RELEASE\BLOCK.OBJ
C:\USERS\NATHAN\DOCUMENTS\VISUAL STUDIO 2012\PROJECTS\OPENGLMODERN\MYOPENGL\RELEASE\BLOCKGRASS.OBJ
C:\USERS\NATHAN\DOCUMENTS\VISUAL STUDIO 2012\PROJECTS\OPENGLMODERN\MYOPENGL\RELEASE\CHUNK.OBJ
C:\USERS\NATHAN\DOCUMENTS\VISUAL STUDIO 2012\PROJECTS\OPENGLMODERN\MYOPENGL\RELEASE\BLOCKAIR.OBJ
C:\USERS\NATHAN\DOCUMENTS\VISUAL STUDIO 2012\PROJECTS\OPENGLMODERN\MYOPENGL\RELEASE\WORLD.OBJ
C:\USERS\NATHAN\DOCUMENTS\VISUAL STUDIO 2012\PROJECTS\OPENGLMODERN\MYOPENGL\RELEASE\BLOCKDIRT.OBJ
C:\USERS\NATHAN\DOCUMENTS\VISUAL STUDIO 2012\PROJECTS\OPENGLMODERN\MYOPENGL\RELEASE\PLAYER.OBJ
C:\USERS\NATHAN\DOCUMENTS\VISUAL STUDIO 2012\PROJECTS\OPENGLMODERN\MYOPENGL\RELEASE\PIXELSMAP.OBJ
C:\USERS\NATHAN\DOCUMENTS\VISUAL STUDIO 2012\PROJECTS\OPENGLMODERN\MYOPENGL\RELEASE\LIGHTMANAGER.OBJ
C:\USERS\NATHAN\DOCUMENTS\VISUAL STUDIO 2012\PROJECTS\OPENGLMODERN\MYOPENGL\RELEASE\OBJECT.OBJ
C:\USERS\NATHAN\DOCUMENTS\VISUAL STUDIO 2012\PROJECTS\OPENGLMODERN\MYOPENGL\RELEASE\MAIN.OBJ
C:\USERS\NATHAN\DOCUMENTS\VISUAL STUDIO 2012\PROJECTS\OPENGLMODERN\MYOPENGL\RELEASE\CONTAINER.OBJ
C:\USERS\NATHAN\DOCUMENTS\VISUAL STUDIO 2012\PROJECTS\OPENGLMODERN\MYOPENGL\RELEASE\VC110.PDB
C:\USERS\NATHAN\DOCUMENTS\VISUAL STUDIO 2012\PROJECTS\OPENGLMODERN\MYOPENGL\RELEASE\LIGHTSUN.OBJ
C:\USERS\NATHAN\DOCUMENTS\VISUAL STUDIO 2012\PROJECTS\OPENGLMODERN\MYOPENGL\RELEASE\LIGHT.OBJ
C:\USERS\NATHAN\DOCUMENTS\VISUAL STUDIO 2012\PROJECTS\OPENGLMODERN\MYOPENGL\RELEASE\ENTITY.OBJ
C:\USERS\NATHAN\DOCUMENTS\VISUAL STUDIO 2012\PROJECTS\OPENGLMODERN\MYOPENGL\RELEASE\BLOCKSAND.OBJ
C:\USERS\NATHAN\DOCUMENTS\VISUAL STUDIO 2012\PROJECTS\OPENGLMODERN\MYOPENGL\RELEASE\BIOMEPLAINS.OBJ
C:\USERS\NATHAN\DOCUMENTS\VISUAL STUDIO 2012\PROJECTS\OPENGLMODERN\MYOPENGL\RELEASE\BIOMEDESERT.OBJ
C:\USERS\NATHAN\DOCUMENTS\VISUAL STUDIO 2012\PROJECTS\OPENGLMODERN\MYOPENGL\RELEASE\BIOME.OBJ
C:\USERS\NATHAN\DOCUMENTS\VISUAL STUDIO 2012\PROJECTS\OPENGLMODERN\MYOPENGL\RELEASE\WORLDGENCAVES.OBJ
C:\USERS\NATHAN\DOCUMENTS\VISUAL STUDIO 2012\PROJECTS\OPENGLMODERN\MYOPENGL\RELEASE\WORLDGEN.OBJ
C:\USERS\NATHAN\DOCUMENTS\VISUAL STUDIO 2012\PROJECTS\OPENGLMODERN\MYOPENGL\RELEASE\LIGHTRADIUS.OBJ
C:\USERS\NATHAN\DOCUMENTS\VISUAL STUDIO 2012\PROJECTS\OPENGLMODERN\RELEASE\MYOPENGL.EXE
C:\USERS\NATHAN\DOCUMENTS\VISUAL STUDIO 2012\PROJECTS\OPENGLMODERN\RELEASE\MYOPENGL.PDB
C:\Users\Nathan\Documents\Visual Studio 2012\Projects\Noxel-OpenGL\MyOpenGL\Release\Biome.obj
C:\Users\Nathan\Documents\Visual Studio 2012\Projects\Noxel-OpenGL\MyOpenGL\Release\BiomeDesert.obj
C:\Users\Nathan\Documents\Visual Studio 2012\Projects\Noxel-OpenGL\MyOpenGL\Release\BiomePlains.obj
C:\Users\Nathan\Documents\Visual Studio 2012\Projects\Noxel-OpenGL\MyOpenGL\Release\Block.obj
C:\Users\Nathan\Documents\Visual Studio 2012\Projects\Noxel-OpenGL\MyOpenGL\Release\BlockAir.obj
C:\Users\Nathan\Documents\Visual Studio 2012\Projects\Noxel-OpenGL\MyOpenGL\Release\BlockDirt.obj
C:\Users\Nathan\Documents\Visual Studio 2012\Projects\Noxel-OpenGL\MyOpenGL\Release\BlockGrass.obj
C:\Users\Nathan\Documents\Visual Studio 2012\Projects\Noxel-OpenGL\MyOpenGL\Release\BlockSand.obj
C:\Users\Nathan\Documents\Visual Studio 2012\Projects\Noxel-OpenGL\MyOpenGL\Release\Chunk.obj
C:\Users\Nathan\Documents\Visual Studio 2012\Projects\Noxel-OpenGL\MyOpenGL\Release\Container.obj
C:\Users\Nathan\Documents\Visual Studio 2012\Projects\Noxel-OpenGL\MyOpenGL\Release\Entity.obj
C:\Users\Nathan\Documents\Visual Studio 2012\Projects\Noxel-OpenGL\MyOpenGL\Release\Light.obj
C:\Users\Nathan\Documents\Visual Studio 2012\Projects\Noxel-OpenGL\MyOpenGL\Release\LightManager.obj
C:\Users\Nathan\Documents\Visual Studio 2012\Projects\Noxel-OpenGL\MyOpenGL\Release\LightRadius.obj
C:\Users\Nathan\Documents\Visual Studio 2012\Projects\Noxel-OpenGL\MyOpenGL\Release\LightSun.obj
C:\Users\Nathan\Documents\Visual Studio 2012\Projects\Noxel-OpenGL\MyOpenGL\Release\main.obj
C:\Users\Nathan\Documents\Visual Studio 2012\Projects\Noxel-OpenGL\MyOpenGL\Release\MainScene.obj
C:\Users\Nathan\Documents\Visual Studio 2012\Projects\Noxel-OpenGL\MyOpenGL\Release\Object.obj
C:\Users\Nathan\Documents\Visual Studio 2012\Projects\Noxel-OpenGL\MyOpenGL\Release\PixelsMap.obj
C:\Users\Nathan\Documents\Visual Studio 2012\Projects\Noxel-OpenGL\MyOpenGL\Release\Player.obj
C:\Users\Nathan\Documents\Visual Studio 2012\Projects\Noxel-OpenGL\MyOpenGL\Release\World.obj
C:\Users\Nathan\Documents\Visual Studio 2012\Projects\Noxel-OpenGL\MyOpenGL\Release\WorldGen.obj
C:\Users\Nathan\Documents\Visual Studio 2012\Projects\Noxel-OpenGL\MyOpenGL\Release\WorldGenCaves.obj
C:\Users\Nathan\Documents\Visual Studio 2012\Projects\Noxel-OpenGL\MyOpenGL\Release\cl.command.1.tlog
C:\Users\Nathan\Documents\Visual Studio 2012\Projects\Noxel-OpenGL\MyOpenGL\Release\CL.read.1.tlog
C:\Users\Nathan\Documents\Visual Studio 2012\Projects\Noxel-OpenGL\MyOpenGL\Release\CL.write.1.tlog
C:\Users\Nathan\Documents\Visual Studio 2012\Projects\Noxel-OpenGL\MyOpenGL\Release\link-cvtres.read.1.tlog
C:\Users\Nathan\Documents\Visual Studio 2012\Projects\Noxel-OpenGL\MyOpenGL\Release\link-cvtres.write.1.tlog
C:\Users\Nathan\Documents\Visual Studio 2012\Projects\Noxel-OpenGL\MyOpenGL\Release\link-rc.read.1.tlog
C:\Users\Nathan\Documents\Visual Studio 2012\Projects\Noxel-OpenGL\MyOpenGL\Release\link-rc.write.1.tlog
C:\Users\Nathan\Documents\Visual Studio 2012\Projects\Noxel-OpenGL\MyOpenGL\Release\link.command.1.tlog
C:\Users\Nathan\Documents\Visual Studio 2012\Projects\Noxel-OpenGL\MyOpenGL\Release\link.read.1.tlog
C:\Users\Nathan\Documents\Visual Studio 2012\Projects\Noxel-OpenGL\MyOpenGL\Release\link.write.1.tlog
C:\Users\Nathan\Documents\Visual Studio 2012\Projects\Noxel-OpenGL\MyOpenGL\Release\vc110.pdb
C:\Users\Nathan\Documents\Visual Studio 2012\Projects\Noxel-OpenGL\Release\MyOpenGL.pdb
C:\Users\Nathan\Documents\Visual Studio 2012\Projects\Noxel-OpenGL\Release\MyOpenGL.exe
