C:\USERS\NATHAN\DOCUMENTS\VISUAL STUDIO 2012\PROJECTS\OPENGLMODERN\YUENGINE\DEBUG\CAMERA2D.OBJ
C:\USERS\NATHAN\DOCUMENTS\VISUAL STUDIO 2012\PROJECTS\OPENGLMODERN\YUENGINE\DEBUG\CONTAINER.OBJ
C:\USERS\NATHAN\DOCUMENTS\VISUAL STUDIO 2012\PROJECTS\OPENGLMODERN\YUENGINE\DEBUG\DEBUGOVERLAY.OBJ
C:\USERS\NATHAN\DOCUMENTS\VISUAL STUDIO 2012\PROJECTS\OPENGLMODERN\YUENGINE\DEBUG\FONTRENDERER.OBJ
C:\USERS\NATHAN\DOCUMENTS\VISUAL STUDIO 2012\PROJECTS\OPENGLMODERN\YUENGINE\DEBUG\FPSCOUNTER.OBJ
C:\USERS\NATHAN\DOCUMENTS\VISUAL STUDIO 2012\PROJECTS\OPENGLMODERN\YUENGINE\DEBUG\GAMERENDERER.OBJ
C:\USERS\NATHAN\DOCUMENTS\VISUAL STUDIO 2012\PROJECTS\OPENGLMODERN\YUENGINE\DEBUG\INPUT.OBJ
C:\USERS\NATHAN\DOCUMENTS\VISUAL STUDIO 2012\PROJECTS\OPENGLMODERN\YUENGINE\DEBUG\OBJECT.OBJ
C:\USERS\NATHAN\DOCUMENTS\VISUAL STUDIO 2012\PROJECTS\OPENGLMODERN\YUENGINE\DEBUG\OPENGLSCENE.OBJ
C:\USERS\NATHAN\DOCUMENTS\VISUAL STUDIO 2012\PROJECTS\OPENGLMODERN\YUENGINE\DEBUG\PERLIN2D.OBJ
C:\USERS\NATHAN\DOCUMENTS\VISUAL STUDIO 2012\PROJECTS\OPENGLMODERN\YUENGINE\DEBUG\RENDERABLE.OBJ
C:\USERS\NATHAN\DOCUMENTS\VISUAL STUDIO 2012\PROJECTS\OPENGLMODERN\YUENGINE\DEBUG\SHADER.OBJ
C:\USERS\NATHAN\DOCUMENTS\VISUAL STUDIO 2012\PROJECTS\OPENGLMODERN\YUENGINE\DEBUG\SPRITESHEET.OBJ
C:\USERS\NATHAN\DOCUMENTS\VISUAL STUDIO 2012\PROJECTS\OPENGLMODERN\YUENGINE\DEBUG\SPRITESHEETSMANAGER.OBJ
C:\USERS\NATHAN\DOCUMENTS\VISUAL STUDIO 2012\PROJECTS\OPENGLMODERN\YUENGINE\DEBUG\TEXTURE.OBJ
C:\USERS\NATHAN\DOCUMENTS\VISUAL STUDIO 2012\PROJECTS\OPENGLMODERN\YUENGINE\DEBUG\UTILS.OBJ
C:\USERS\NATHAN\DOCUMENTS\VISUAL STUDIO 2012\PROJECTS\OPENGLMODERN\YUENGINE\DEBUG\YUBOUDINGBOX.OBJ
C:\USERS\NATHAN\DOCUMENTS\VISUAL STUDIO 2012\PROJECTS\OPENGLMODERN\YUENGINE\DEBUG\YUWINDOW.OBJ
C:\USERS\NATHAN\DOCUMENTS\VISUAL STUDIO 2012\PROJECTS\OPENGLMODERN\YUENGINE\DEBUG\VC110.PDB
C:\USERS\NATHAN\DOCUMENTS\VISUAL STUDIO 2012\PROJECTS\OPENGLMODERN\YUENGINE\DEBUG\DDAHELPER.OBJ
C:\USERS\NATHAN\DOCUMENTS\VISUAL STUDIO 2012\PROJECTS\OPENGLMODERN\DEBUG\YUENGINE.LIB
C:\Users\Nathan\documents\visual studio 2012\Projects\OpenGLModern\YuEngine\Debug\Camera2D.obj
C:\Users\Nathan\documents\visual studio 2012\Projects\OpenGLModern\YuEngine\Debug\Container.obj
C:\Users\Nathan\documents\visual studio 2012\Projects\OpenGLModern\YuEngine\Debug\DDAHelper.obj
C:\Users\Nathan\documents\visual studio 2012\Projects\OpenGLModern\YuEngine\Debug\DebugOverlay.obj
C:\Users\Nathan\documents\visual studio 2012\Projects\OpenGLModern\YuEngine\Debug\FontRenderer.obj
C:\Users\Nathan\documents\visual studio 2012\Projects\OpenGLModern\YuEngine\Debug\FpsCounter.obj
C:\Users\Nathan\documents\visual studio 2012\Projects\OpenGLModern\YuEngine\Debug\GameRenderer.obj
C:\Users\Nathan\documents\visual studio 2012\Projects\OpenGLModern\YuEngine\Debug\Input.obj
C:\Users\Nathan\documents\visual studio 2012\Projects\OpenGLModern\YuEngine\Debug\Object.obj
C:\Users\Nathan\documents\visual studio 2012\Projects\OpenGLModern\YuEngine\Debug\OpenGlScene.obj
C:\Users\Nathan\documents\visual studio 2012\Projects\OpenGLModern\YuEngine\Debug\Perlin2D.obj
C:\Users\Nathan\documents\visual studio 2012\Projects\OpenGLModern\YuEngine\Debug\Renderable.obj
C:\Users\Nathan\documents\visual studio 2012\Projects\OpenGLModern\YuEngine\Debug\Shader.obj
C:\Users\Nathan\documents\visual studio 2012\Projects\OpenGLModern\YuEngine\Debug\Spritesheet.obj
C:\Users\Nathan\documents\visual studio 2012\Projects\OpenGLModern\YuEngine\Debug\SpritesheetsManager.obj
C:\Users\Nathan\documents\visual studio 2012\Projects\OpenGLModern\YuEngine\Debug\Texture.obj
C:\Users\Nathan\documents\visual studio 2012\Projects\OpenGLModern\YuEngine\Debug\Utils.obj
C:\Users\Nathan\documents\visual studio 2012\Projects\OpenGLModern\YuEngine\Debug\YuBoudingbox.obj
C:\Users\Nathan\documents\visual studio 2012\Projects\OpenGLModern\YuEngine\Debug\YuWindow.obj
C:\Users\Nathan\documents\visual studio 2012\Projects\OpenGLModern\YuEngine\Debug\cl.command.1.tlog
C:\Users\Nathan\documents\visual studio 2012\Projects\OpenGLModern\YuEngine\Debug\CL.read.1.tlog
C:\Users\Nathan\documents\visual studio 2012\Projects\OpenGLModern\YuEngine\Debug\CL.write.1.tlog
C:\Users\Nathan\documents\visual studio 2012\Projects\OpenGLModern\YuEngine\Debug\Lib-link.read.1.tlog
C:\Users\Nathan\documents\visual studio 2012\Projects\OpenGLModern\YuEngine\Debug\Lib-link.write.1.tlog
C:\Users\Nathan\documents\visual studio 2012\Projects\OpenGLModern\YuEngine\Debug\lib.command.1.tlog
C:\Users\Nathan\documents\visual studio 2012\Projects\OpenGLModern\YuEngine\Debug\vc110.idb
C:\Users\Nathan\documents\visual studio 2012\Projects\OpenGLModern\YuEngine\Debug\vc110.pdb
C:\Users\Nathan\documents\visual studio 2012\Projects\OpenGLModern\Debug\YuEngine.lib
