C:\USERS\NATHAN\DOCUMENTS\VISUAL STUDIO 2012\PROJECTS\OPENGLMODERN\OPENGLMODERN\DEBUG\MAIN.OBJ
C:\USERS\NATHAN\DOCUMENTS\VISUAL STUDIO 2012\PROJECTS\OPENGLMODERN\OPENGLMODERN\DEBUG\OPENGLSCENE.OBJ
C:\USERS\NATHAN\DOCUMENTS\VISUAL STUDIO 2012\PROJECTS\OPENGLMODERN\OPENGLMODERN\DEBUG\VC110.PDB
C:\USERS\NATHAN\DOCUMENTS\VISUAL STUDIO 2012\PROJECTS\OPENGLMODERN\OPENGLMODERN\DEBUG\SHADER.OBJ
C:\USERS\NATHAN\DOCUMENTS\VISUAL STUDIO 2012\PROJECTS\OPENGLMODERN\OPENGLMODERN\DEBUG\CAMERA2D.OBJ
C:\USERS\NATHAN\DOCUMENTS\VISUAL STUDIO 2012\PROJECTS\OPENGLMODERN\OPENGLMODERN\DEBUG\INPUT.OBJ
C:\USERS\NATHAN\DOCUMENTS\VISUAL STUDIO 2012\PROJECTS\OPENGLMODERN\OPENGLMODERN\DEBUG\CONTAINER.OBJ
C:\USERS\NATHAN\DOCUMENTS\VISUAL STUDIO 2012\PROJECTS\OPENGLMODERN\OPENGLMODERN\DEBUG\OBJECT.OBJ
C:\USERS\NATHAN\DOCUMENTS\VISUAL STUDIO 2012\PROJECTS\OPENGLMODERN\OPENGLMODERN\DEBUG\TEXTURE.OBJ
C:\USERS\NATHAN\DOCUMENTS\VISUAL STUDIO 2012\PROJECTS\OPENGLMODERN\OPENGLMODERN\DEBUG\SPRITERECT.OBJ
C:\USERS\NATHAN\DOCUMENTS\VISUAL STUDIO 2012\PROJECTS\OPENGLMODERN\OPENGLMODERN\DEBUG\SPRITESHEETSMANAGER.OBJ
C:\USERS\NATHAN\DOCUMENTS\VISUAL STUDIO 2012\PROJECTS\OPENGLMODERN\OPENGLMODERN\DEBUG\FONTRENDERER.OBJ
C:\USERS\NATHAN\DOCUMENTS\VISUAL STUDIO 2012\PROJECTS\OPENGLMODERN\OPENGLMODERN\DEBUG\DEBUGOVERLAY.OBJ
C:\USERS\NATHAN\DOCUMENTS\VISUAL STUDIO 2012\PROJECTS\OPENGLMODERN\OPENGLMODERN\DEBUG\FPSCOUNTER.OBJ
C:\USERS\NATHAN\DOCUMENTS\VISUAL STUDIO 2012\PROJECTS\OPENGLMODERN\OPENGLMODERN\DEBUG\UTILS.OBJ
C:\USERS\NATHAN\DOCUMENTS\VISUAL STUDIO 2012\PROJECTS\OPENGLMODERN\OPENGLMODERN\DEBUG\GAMERENDERER.OBJ
C:\USERS\NATHAN\DOCUMENTS\VISUAL STUDIO 2012\PROJECTS\OPENGLMODERN\OPENGLMODERN\DEBUG\SPRITESHEET.OBJ
C:\USERS\NATHAN\DOCUMENTS\VISUAL STUDIO 2012\PROJECTS\OPENGLMODERN\OPENGLMODERN\DEBUG\RENDERABLE.OBJ
C:\USERS\NATHAN\DOCUMENTS\VISUAL STUDIO 2012\PROJECTS\OPENGLMODERN\DEBUG\YUENGINE.LIB
C:\USERS\NATHAN\DOCUMENTS\VISUAL STUDIO 2012\PROJECTS\OPENGLMODERN\DEBUG\YUENGINE.ILK
C:\USERS\NATHAN\DOCUMENTS\VISUAL STUDIO 2012\PROJECTS\OPENGLMODERN\DEBUG\YUENGINE.EXE
C:\USERS\NATHAN\DOCUMENTS\VISUAL STUDIO 2012\PROJECTS\OPENGLMODERN\DEBUG\YUENGINE.PDB
C:\Users\Nathan\documents\visual studio 2012\Projects\OpenGLModern\OpenGLModern\Debug\Camera2D.obj
C:\Users\Nathan\documents\visual studio 2012\Projects\OpenGLModern\OpenGLModern\Debug\Container.obj
C:\Users\Nathan\documents\visual studio 2012\Projects\OpenGLModern\OpenGLModern\Debug\DebugOverlay.obj
C:\Users\Nathan\documents\visual studio 2012\Projects\OpenGLModern\OpenGLModern\Debug\FontRenderer.obj
C:\Users\Nathan\documents\visual studio 2012\Projects\OpenGLModern\OpenGLModern\Debug\FpsCounter.obj
C:\Users\Nathan\documents\visual studio 2012\Projects\OpenGLModern\OpenGLModern\Debug\GameRenderer.obj
C:\Users\Nathan\documents\visual studio 2012\Projects\OpenGLModern\OpenGLModern\Debug\Input.obj
C:\Users\Nathan\documents\visual studio 2012\Projects\OpenGLModern\OpenGLModern\Debug\main.obj
C:\Users\Nathan\documents\visual studio 2012\Projects\OpenGLModern\OpenGLModern\Debug\Object.obj
C:\Users\Nathan\documents\visual studio 2012\Projects\OpenGLModern\OpenGLModern\Debug\OpenGlScene.obj
C:\Users\Nathan\documents\visual studio 2012\Projects\OpenGLModern\OpenGLModern\Debug\Renderable.obj
C:\Users\Nathan\documents\visual studio 2012\Projects\OpenGLModern\OpenGLModern\Debug\Shader.obj
C:\Users\Nathan\documents\visual studio 2012\Projects\OpenGLModern\OpenGLModern\Debug\SpriteRect.obj
C:\Users\Nathan\documents\visual studio 2012\Projects\OpenGLModern\OpenGLModern\Debug\Spritesheet.obj
C:\Users\Nathan\documents\visual studio 2012\Projects\OpenGLModern\OpenGLModern\Debug\SpritesheetsManager.obj
C:\Users\Nathan\documents\visual studio 2012\Projects\OpenGLModern\OpenGLModern\Debug\Texture.obj
C:\Users\Nathan\documents\visual studio 2012\Projects\OpenGLModern\OpenGLModern\Debug\Utils.obj
C:\Users\Nathan\documents\visual studio 2012\Projects\OpenGLModern\OpenGLModern\Debug\cl.command.1.tlog
C:\Users\Nathan\documents\visual studio 2012\Projects\OpenGLModern\OpenGLModern\Debug\CL.read.1.tlog
C:\Users\Nathan\documents\visual studio 2012\Projects\OpenGLModern\OpenGLModern\Debug\CL.write.1.tlog
C:\Users\Nathan\documents\visual studio 2012\Projects\OpenGLModern\OpenGLModern\Debug\Lib-link.read.1.tlog
C:\Users\Nathan\documents\visual studio 2012\Projects\OpenGLModern\OpenGLModern\Debug\Lib-link.write.1.tlog
C:\Users\Nathan\documents\visual studio 2012\Projects\OpenGLModern\OpenGLModern\Debug\lib.command.1.tlog
C:\Users\Nathan\documents\visual studio 2012\Projects\OpenGLModern\OpenGLModern\Debug\link-cvtres.read.1.tlog
C:\Users\Nathan\documents\visual studio 2012\Projects\OpenGLModern\OpenGLModern\Debug\link-cvtres.write.1.tlog
C:\Users\Nathan\documents\visual studio 2012\Projects\OpenGLModern\OpenGLModern\Debug\link-rc.read.1.tlog
C:\Users\Nathan\documents\visual studio 2012\Projects\OpenGLModern\OpenGLModern\Debug\link-rc.write.1.tlog
C:\Users\Nathan\documents\visual studio 2012\Projects\OpenGLModern\OpenGLModern\Debug\link.1156-cvtres.read.1.tlog
C:\Users\Nathan\documents\visual studio 2012\Projects\OpenGLModern\OpenGLModern\Debug\link.1156-cvtres.write.1.tlog
C:\Users\Nathan\documents\visual studio 2012\Projects\OpenGLModern\OpenGLModern\Debug\link.1156-rc.read.1.tlog
C:\Users\Nathan\documents\visual studio 2012\Projects\OpenGLModern\OpenGLModern\Debug\link.1156-rc.write.1.tlog
C:\Users\Nathan\documents\visual studio 2012\Projects\OpenGLModern\OpenGLModern\Debug\link.1156.read.1.tlog
C:\Users\Nathan\documents\visual studio 2012\Projects\OpenGLModern\OpenGLModern\Debug\link.1156.write.1.tlog
C:\Users\Nathan\documents\visual studio 2012\Projects\OpenGLModern\OpenGLModern\Debug\link.1192-cvtres.read.1.tlog
C:\Users\Nathan\documents\visual studio 2012\Projects\OpenGLModern\OpenGLModern\Debug\link.1192-cvtres.write.1.tlog
C:\Users\Nathan\documents\visual studio 2012\Projects\OpenGLModern\OpenGLModern\Debug\link.1192-rc.read.1.tlog
C:\Users\Nathan\documents\visual studio 2012\Projects\OpenGLModern\OpenGLModern\Debug\link.1192-rc.write.1.tlog
C:\Users\Nathan\documents\visual studio 2012\Projects\OpenGLModern\OpenGLModern\Debug\link.1192.read.1.tlog
C:\Users\Nathan\documents\visual studio 2012\Projects\OpenGLModern\OpenGLModern\Debug\link.1192.write.1.tlog
C:\Users\Nathan\documents\visual studio 2012\Projects\OpenGLModern\OpenGLModern\Debug\link.1216-cvtres.read.1.tlog
C:\Users\Nathan\documents\visual studio 2012\Projects\OpenGLModern\OpenGLModern\Debug\link.1216-cvtres.write.1.tlog
C:\Users\Nathan\documents\visual studio 2012\Projects\OpenGLModern\OpenGLModern\Debug\link.1216-rc.read.1.tlog
C:\Users\Nathan\documents\visual studio 2012\Projects\OpenGLModern\OpenGLModern\Debug\link.1216-rc.write.1.tlog
C:\Users\Nathan\documents\visual studio 2012\Projects\OpenGLModern\OpenGLModern\Debug\link.1216.read.1.tlog
C:\Users\Nathan\documents\visual studio 2012\Projects\OpenGLModern\OpenGLModern\Debug\link.1216.write.1.tlog
C:\Users\Nathan\documents\visual studio 2012\Projects\OpenGLModern\OpenGLModern\Debug\link.1356-cvtres.read.1.tlog
C:\Users\Nathan\documents\visual studio 2012\Projects\OpenGLModern\OpenGLModern\Debug\link.1356-cvtres.write.1.tlog
C:\Users\Nathan\documents\visual studio 2012\Projects\OpenGLModern\OpenGLModern\Debug\link.1356-rc.read.1.tlog
C:\Users\Nathan\documents\visual studio 2012\Projects\OpenGLModern\OpenGLModern\Debug\link.1356-rc.write.1.tlog
C:\Users\Nathan\documents\visual studio 2012\Projects\OpenGLModern\OpenGLModern\Debug\link.1356.read.1.tlog
C:\Users\Nathan\documents\visual studio 2012\Projects\OpenGLModern\OpenGLModern\Debug\link.1356.write.1.tlog
C:\Users\Nathan\documents\visual studio 2012\Projects\OpenGLModern\OpenGLModern\Debug\link.1620-cvtres.read.1.tlog
C:\Users\Nathan\documents\visual studio 2012\Projects\OpenGLModern\OpenGLModern\Debug\link.1620-cvtres.write.1.tlog
C:\Users\Nathan\documents\visual studio 2012\Projects\OpenGLModern\OpenGLModern\Debug\link.1620-rc.read.1.tlog
C:\Users\Nathan\documents\visual studio 2012\Projects\OpenGLModern\OpenGLModern\Debug\link.1620-rc.write.1.tlog
C:\Users\Nathan\documents\visual studio 2012\Projects\OpenGLModern\OpenGLModern\Debug\link.1620.read.1.tlog
C:\Users\Nathan\documents\visual studio 2012\Projects\OpenGLModern\OpenGLModern\Debug\link.1620.write.1.tlog
C:\Users\Nathan\documents\visual studio 2012\Projects\OpenGLModern\OpenGLModern\Debug\link.1692-cvtres.read.1.tlog
C:\Users\Nathan\documents\visual studio 2012\Projects\OpenGLModern\OpenGLModern\Debug\link.1692-cvtres.write.1.tlog
C:\Users\Nathan\documents\visual studio 2012\Projects\OpenGLModern\OpenGLModern\Debug\link.1692-rc.read.1.tlog
C:\Users\Nathan\documents\visual studio 2012\Projects\OpenGLModern\OpenGLModern\Debug\link.1692-rc.write.1.tlog
C:\Users\Nathan\documents\visual studio 2012\Projects\OpenGLModern\OpenGLModern\Debug\link.1692.read.1.tlog
C:\Users\Nathan\documents\visual studio 2012\Projects\OpenGLModern\OpenGLModern\Debug\link.1692.write.1.tlog
C:\Users\Nathan\documents\visual studio 2012\Projects\OpenGLModern\OpenGLModern\Debug\link.1772-cvtres.read.1.tlog
C:\Users\Nathan\documents\visual studio 2012\Projects\OpenGLModern\OpenGLModern\Debug\link.1772-cvtres.write.1.tlog
C:\Users\Nathan\documents\visual studio 2012\Projects\OpenGLModern\OpenGLModern\Debug\link.1772-rc.read.1.tlog
C:\Users\Nathan\documents\visual studio 2012\Projects\OpenGLModern\OpenGLModern\Debug\link.1772-rc.write.1.tlog
C:\Users\Nathan\documents\visual studio 2012\Projects\OpenGLModern\OpenGLModern\Debug\link.1772.read.1.tlog
C:\Users\Nathan\documents\visual studio 2012\Projects\OpenGLModern\OpenGLModern\Debug\link.1772.write.1.tlog
C:\Users\Nathan\documents\visual studio 2012\Projects\OpenGLModern\OpenGLModern\Debug\link.2208-cvtres.read.1.tlog
C:\Users\Nathan\documents\visual studio 2012\Projects\OpenGLModern\OpenGLModern\Debug\link.2208-cvtres.write.1.tlog
C:\Users\Nathan\documents\visual studio 2012\Projects\OpenGLModern\OpenGLModern\Debug\link.2208-rc.read.1.tlog
C:\Users\Nathan\documents\visual studio 2012\Projects\OpenGLModern\OpenGLModern\Debug\link.2208-rc.write.1.tlog
C:\Users\Nathan\documents\visual studio 2012\Projects\OpenGLModern\OpenGLModern\Debug\link.2208.read.1.tlog
C:\Users\Nathan\documents\visual studio 2012\Projects\OpenGLModern\OpenGLModern\Debug\link.2208.write.1.tlog
C:\Users\Nathan\documents\visual studio 2012\Projects\OpenGLModern\OpenGLModern\Debug\link.2412-cvtres.read.1.tlog
C:\Users\Nathan\documents\visual studio 2012\Projects\OpenGLModern\OpenGLModern\Debug\link.2412-cvtres.write.1.tlog
C:\Users\Nathan\documents\visual studio 2012\Projects\OpenGLModern\OpenGLModern\Debug\link.2412-rc.read.1.tlog
C:\Users\Nathan\documents\visual studio 2012\Projects\OpenGLModern\OpenGLModern\Debug\link.2412-rc.write.1.tlog
C:\Users\Nathan\documents\visual studio 2012\Projects\OpenGLModern\OpenGLModern\Debug\link.2412.read.1.tlog
C:\Users\Nathan\documents\visual studio 2012\Projects\OpenGLModern\OpenGLModern\Debug\link.2412.write.1.tlog
C:\Users\Nathan\documents\visual studio 2012\Projects\OpenGLModern\OpenGLModern\Debug\link.2732-cvtres.read.1.tlog
C:\Users\Nathan\documents\visual studio 2012\Projects\OpenGLModern\OpenGLModern\Debug\link.2732-cvtres.write.1.tlog
C:\Users\Nathan\documents\visual studio 2012\Projects\OpenGLModern\OpenGLModern\Debug\link.2732-rc.read.1.tlog
C:\Users\Nathan\documents\visual studio 2012\Projects\OpenGLModern\OpenGLModern\Debug\link.2732-rc.write.1.tlog
C:\Users\Nathan\documents\visual studio 2012\Projects\OpenGLModern\OpenGLModern\Debug\link.2732.read.1.tlog
C:\Users\Nathan\documents\visual studio 2012\Projects\OpenGLModern\OpenGLModern\Debug\link.2732.write.1.tlog
C:\Users\Nathan\documents\visual studio 2012\Projects\OpenGLModern\OpenGLModern\Debug\link.2860-cvtres.read.1.tlog
C:\Users\Nathan\documents\visual studio 2012\Projects\OpenGLModern\OpenGLModern\Debug\link.2860-cvtres.write.1.tlog
C:\Users\Nathan\documents\visual studio 2012\Projects\OpenGLModern\OpenGLModern\Debug\link.2860-rc.read.1.tlog
C:\Users\Nathan\documents\visual studio 2012\Projects\OpenGLModern\OpenGLModern\Debug\link.2860-rc.write.1.tlog
C:\Users\Nathan\documents\visual studio 2012\Projects\OpenGLModern\OpenGLModern\Debug\link.2860.read.1.tlog
C:\Users\Nathan\documents\visual studio 2012\Projects\OpenGLModern\OpenGLModern\Debug\link.2860.write.1.tlog
C:\Users\Nathan\documents\visual studio 2012\Projects\OpenGLModern\OpenGLModern\Debug\link.3208-cvtres.read.1.tlog
C:\Users\Nathan\documents\visual studio 2012\Projects\OpenGLModern\OpenGLModern\Debug\link.3208-cvtres.write.1.tlog
C:\Users\Nathan\documents\visual studio 2012\Projects\OpenGLModern\OpenGLModern\Debug\link.3208-rc.read.1.tlog
C:\Users\Nathan\documents\visual studio 2012\Projects\OpenGLModern\OpenGLModern\Debug\link.3208-rc.write.1.tlog
C:\Users\Nathan\documents\visual studio 2012\Projects\OpenGLModern\OpenGLModern\Debug\link.3208.read.1.tlog
C:\Users\Nathan\documents\visual studio 2012\Projects\OpenGLModern\OpenGLModern\Debug\link.3208.write.1.tlog
C:\Users\Nathan\documents\visual studio 2012\Projects\OpenGLModern\OpenGLModern\Debug\link.3404-cvtres.read.1.tlog
C:\Users\Nathan\documents\visual studio 2012\Projects\OpenGLModern\OpenGLModern\Debug\link.3404-cvtres.write.1.tlog
C:\Users\Nathan\documents\visual studio 2012\Projects\OpenGLModern\OpenGLModern\Debug\link.3404-rc.read.1.tlog
C:\Users\Nathan\documents\visual studio 2012\Projects\OpenGLModern\OpenGLModern\Debug\link.3404-rc.write.1.tlog
C:\Users\Nathan\documents\visual studio 2012\Projects\OpenGLModern\OpenGLModern\Debug\link.3404.read.1.tlog
C:\Users\Nathan\documents\visual studio 2012\Projects\OpenGLModern\OpenGLModern\Debug\link.3404.write.1.tlog
C:\Users\Nathan\documents\visual studio 2012\Projects\OpenGLModern\OpenGLModern\Debug\link.3532-cvtres.read.1.tlog
C:\Users\Nathan\documents\visual studio 2012\Projects\OpenGLModern\OpenGLModern\Debug\link.3532-cvtres.write.1.tlog
C:\Users\Nathan\documents\visual studio 2012\Projects\OpenGLModern\OpenGLModern\Debug\link.3532-rc.read.1.tlog
C:\Users\Nathan\documents\visual studio 2012\Projects\OpenGLModern\OpenGLModern\Debug\link.3532-rc.write.1.tlog
C:\Users\Nathan\documents\visual studio 2012\Projects\OpenGLModern\OpenGLModern\Debug\link.3532.read.1.tlog
C:\Users\Nathan\documents\visual studio 2012\Projects\OpenGLModern\OpenGLModern\Debug\link.3532.write.1.tlog
C:\Users\Nathan\documents\visual studio 2012\Projects\OpenGLModern\OpenGLModern\Debug\link.3568-cvtres.read.1.tlog
C:\Users\Nathan\documents\visual studio 2012\Projects\OpenGLModern\OpenGLModern\Debug\link.3568-cvtres.write.1.tlog
C:\Users\Nathan\documents\visual studio 2012\Projects\OpenGLModern\OpenGLModern\Debug\link.3568-rc.read.1.tlog
C:\Users\Nathan\documents\visual studio 2012\Projects\OpenGLModern\OpenGLModern\Debug\link.3568-rc.write.1.tlog
C:\Users\Nathan\documents\visual studio 2012\Projects\OpenGLModern\OpenGLModern\Debug\link.3568.read.1.tlog
C:\Users\Nathan\documents\visual studio 2012\Projects\OpenGLModern\OpenGLModern\Debug\link.3568.write.1.tlog
C:\Users\Nathan\documents\visual studio 2012\Projects\OpenGLModern\OpenGLModern\Debug\link.3652-cvtres.read.1.tlog
C:\Users\Nathan\documents\visual studio 2012\Projects\OpenGLModern\OpenGLModern\Debug\link.3652-cvtres.write.1.tlog
C:\Users\Nathan\documents\visual studio 2012\Projects\OpenGLModern\OpenGLModern\Debug\link.3652-rc.read.1.tlog
C:\Users\Nathan\documents\visual studio 2012\Projects\OpenGLModern\OpenGLModern\Debug\link.3652-rc.write.1.tlog
C:\Users\Nathan\documents\visual studio 2012\Projects\OpenGLModern\OpenGLModern\Debug\link.3652.read.1.tlog
C:\Users\Nathan\documents\visual studio 2012\Projects\OpenGLModern\OpenGLModern\Debug\link.3652.write.1.tlog
C:\Users\Nathan\documents\visual studio 2012\Projects\OpenGLModern\OpenGLModern\Debug\link.3716-cvtres.read.1.tlog
C:\Users\Nathan\documents\visual studio 2012\Projects\OpenGLModern\OpenGLModern\Debug\link.3716-cvtres.write.1.tlog
C:\Users\Nathan\documents\visual studio 2012\Projects\OpenGLModern\OpenGLModern\Debug\link.3716-rc.read.1.tlog
C:\Users\Nathan\documents\visual studio 2012\Projects\OpenGLModern\OpenGLModern\Debug\link.3716-rc.write.1.tlog
C:\Users\Nathan\documents\visual studio 2012\Projects\OpenGLModern\OpenGLModern\Debug\link.3716.read.1.tlog
C:\Users\Nathan\documents\visual studio 2012\Projects\OpenGLModern\OpenGLModern\Debug\link.3716.write.1.tlog
C:\Users\Nathan\documents\visual studio 2012\Projects\OpenGLModern\OpenGLModern\Debug\link.4488-cvtres.read.1.tlog
C:\Users\Nathan\documents\visual studio 2012\Projects\OpenGLModern\OpenGLModern\Debug\link.4488-cvtres.write.1.tlog
C:\Users\Nathan\documents\visual studio 2012\Projects\OpenGLModern\OpenGLModern\Debug\link.4488-rc.read.1.tlog
C:\Users\Nathan\documents\visual studio 2012\Projects\OpenGLModern\OpenGLModern\Debug\link.4488-rc.write.1.tlog
C:\Users\Nathan\documents\visual studio 2012\Projects\OpenGLModern\OpenGLModern\Debug\link.4488.read.1.tlog
C:\Users\Nathan\documents\visual studio 2012\Projects\OpenGLModern\OpenGLModern\Debug\link.4488.write.1.tlog
C:\Users\Nathan\documents\visual studio 2012\Projects\OpenGLModern\OpenGLModern\Debug\link.4692-cvtres.read.1.tlog
C:\Users\Nathan\documents\visual studio 2012\Projects\OpenGLModern\OpenGLModern\Debug\link.4692-cvtres.write.1.tlog
C:\Users\Nathan\documents\visual studio 2012\Projects\OpenGLModern\OpenGLModern\Debug\link.4692-rc.read.1.tlog
C:\Users\Nathan\documents\visual studio 2012\Projects\OpenGLModern\OpenGLModern\Debug\link.4692-rc.write.1.tlog
C:\Users\Nathan\documents\visual studio 2012\Projects\OpenGLModern\OpenGLModern\Debug\link.4692.read.1.tlog
C:\Users\Nathan\documents\visual studio 2012\Projects\OpenGLModern\OpenGLModern\Debug\link.4692.write.1.tlog
C:\Users\Nathan\documents\visual studio 2012\Projects\OpenGLModern\OpenGLModern\Debug\link.4704-cvtres.read.1.tlog
C:\Users\Nathan\documents\visual studio 2012\Projects\OpenGLModern\OpenGLModern\Debug\link.4704-cvtres.write.1.tlog
C:\Users\Nathan\documents\visual studio 2012\Projects\OpenGLModern\OpenGLModern\Debug\link.4704-rc.read.1.tlog
C:\Users\Nathan\documents\visual studio 2012\Projects\OpenGLModern\OpenGLModern\Debug\link.4704-rc.write.1.tlog
C:\Users\Nathan\documents\visual studio 2012\Projects\OpenGLModern\OpenGLModern\Debug\link.4704.read.1.tlog
C:\Users\Nathan\documents\visual studio 2012\Projects\OpenGLModern\OpenGLModern\Debug\link.4704.write.1.tlog
C:\Users\Nathan\documents\visual studio 2012\Projects\OpenGLModern\OpenGLModern\Debug\link.5492-cvtres.read.1.tlog
C:\Users\Nathan\documents\visual studio 2012\Projects\OpenGLModern\OpenGLModern\Debug\link.5492-cvtres.write.1.tlog
C:\Users\Nathan\documents\visual studio 2012\Projects\OpenGLModern\OpenGLModern\Debug\link.5492-rc.read.1.tlog
C:\Users\Nathan\documents\visual studio 2012\Projects\OpenGLModern\OpenGLModern\Debug\link.5492-rc.write.1.tlog
C:\Users\Nathan\documents\visual studio 2012\Projects\OpenGLModern\OpenGLModern\Debug\link.5492.read.1.tlog
C:\Users\Nathan\documents\visual studio 2012\Projects\OpenGLModern\OpenGLModern\Debug\link.5492.write.1.tlog
C:\Users\Nathan\documents\visual studio 2012\Projects\OpenGLModern\OpenGLModern\Debug\link.5924-cvtres.read.1.tlog
C:\Users\Nathan\documents\visual studio 2012\Projects\OpenGLModern\OpenGLModern\Debug\link.5924-cvtres.write.1.tlog
C:\Users\Nathan\documents\visual studio 2012\Projects\OpenGLModern\OpenGLModern\Debug\link.5924-rc.read.1.tlog
C:\Users\Nathan\documents\visual studio 2012\Projects\OpenGLModern\OpenGLModern\Debug\link.5924-rc.write.1.tlog
C:\Users\Nathan\documents\visual studio 2012\Projects\OpenGLModern\OpenGLModern\Debug\link.5924.read.1.tlog
C:\Users\Nathan\documents\visual studio 2012\Projects\OpenGLModern\OpenGLModern\Debug\link.5924.write.1.tlog
C:\Users\Nathan\documents\visual studio 2012\Projects\OpenGLModern\OpenGLModern\Debug\link.5988-cvtres.read.1.tlog
C:\Users\Nathan\documents\visual studio 2012\Projects\OpenGLModern\OpenGLModern\Debug\link.5988-cvtres.write.1.tlog
C:\Users\Nathan\documents\visual studio 2012\Projects\OpenGLModern\OpenGLModern\Debug\link.5988-rc.read.1.tlog
C:\Users\Nathan\documents\visual studio 2012\Projects\OpenGLModern\OpenGLModern\Debug\link.5988-rc.write.1.tlog
C:\Users\Nathan\documents\visual studio 2012\Projects\OpenGLModern\OpenGLModern\Debug\link.5988.read.1.tlog
C:\Users\Nathan\documents\visual studio 2012\Projects\OpenGLModern\OpenGLModern\Debug\link.5988.write.1.tlog
C:\Users\Nathan\documents\visual studio 2012\Projects\OpenGLModern\OpenGLModern\Debug\link.6236-cvtres.read.1.tlog
C:\Users\Nathan\documents\visual studio 2012\Projects\OpenGLModern\OpenGLModern\Debug\link.6236-cvtres.write.1.tlog
C:\Users\Nathan\documents\visual studio 2012\Projects\OpenGLModern\OpenGLModern\Debug\link.6236-rc.read.1.tlog
C:\Users\Nathan\documents\visual studio 2012\Projects\OpenGLModern\OpenGLModern\Debug\link.6236-rc.write.1.tlog
C:\Users\Nathan\documents\visual studio 2012\Projects\OpenGLModern\OpenGLModern\Debug\link.6236.read.1.tlog
C:\Users\Nathan\documents\visual studio 2012\Projects\OpenGLModern\OpenGLModern\Debug\link.6236.write.1.tlog
C:\Users\Nathan\documents\visual studio 2012\Projects\OpenGLModern\OpenGLModern\Debug\link.6372-cvtres.read.1.tlog
C:\Users\Nathan\documents\visual studio 2012\Projects\OpenGLModern\OpenGLModern\Debug\link.6372-cvtres.write.1.tlog
C:\Users\Nathan\documents\visual studio 2012\Projects\OpenGLModern\OpenGLModern\Debug\link.6372-rc.read.1.tlog
C:\Users\Nathan\documents\visual studio 2012\Projects\OpenGLModern\OpenGLModern\Debug\link.6372-rc.write.1.tlog
C:\Users\Nathan\documents\visual studio 2012\Projects\OpenGLModern\OpenGLModern\Debug\link.6372.read.1.tlog
C:\Users\Nathan\documents\visual studio 2012\Projects\OpenGLModern\OpenGLModern\Debug\link.6372.write.1.tlog
C:\Users\Nathan\documents\visual studio 2012\Projects\OpenGLModern\OpenGLModern\Debug\link.6448-cvtres.read.1.tlog
C:\Users\Nathan\documents\visual studio 2012\Projects\OpenGLModern\OpenGLModern\Debug\link.6448-cvtres.write.1.tlog
C:\Users\Nathan\documents\visual studio 2012\Projects\OpenGLModern\OpenGLModern\Debug\link.6448-rc.read.1.tlog
C:\Users\Nathan\documents\visual studio 2012\Projects\OpenGLModern\OpenGLModern\Debug\link.6448-rc.write.1.tlog
C:\Users\Nathan\documents\visual studio 2012\Projects\OpenGLModern\OpenGLModern\Debug\link.6448.read.1.tlog
C:\Users\Nathan\documents\visual studio 2012\Projects\OpenGLModern\OpenGLModern\Debug\link.6448.write.1.tlog
C:\Users\Nathan\documents\visual studio 2012\Projects\OpenGLModern\OpenGLModern\Debug\link.6460-cvtres.read.1.tlog
C:\Users\Nathan\documents\visual studio 2012\Projects\OpenGLModern\OpenGLModern\Debug\link.6460-cvtres.write.1.tlog
C:\Users\Nathan\documents\visual studio 2012\Projects\OpenGLModern\OpenGLModern\Debug\link.6460-rc.read.1.tlog
C:\Users\Nathan\documents\visual studio 2012\Projects\OpenGLModern\OpenGLModern\Debug\link.6460-rc.write.1.tlog
C:\Users\Nathan\documents\visual studio 2012\Projects\OpenGLModern\OpenGLModern\Debug\link.6460.read.1.tlog
C:\Users\Nathan\documents\visual studio 2012\Projects\OpenGLModern\OpenGLModern\Debug\link.6460.write.1.tlog
C:\Users\Nathan\documents\visual studio 2012\Projects\OpenGLModern\OpenGLModern\Debug\link.6532-cvtres.read.1.tlog
C:\Users\Nathan\documents\visual studio 2012\Projects\OpenGLModern\OpenGLModern\Debug\link.6532-cvtres.write.1.tlog
C:\Users\Nathan\documents\visual studio 2012\Projects\OpenGLModern\OpenGLModern\Debug\link.6532-rc.read.1.tlog
C:\Users\Nathan\documents\visual studio 2012\Projects\OpenGLModern\OpenGLModern\Debug\link.6532-rc.write.1.tlog
C:\Users\Nathan\documents\visual studio 2012\Projects\OpenGLModern\OpenGLModern\Debug\link.6532.read.1.tlog
C:\Users\Nathan\documents\visual studio 2012\Projects\OpenGLModern\OpenGLModern\Debug\link.6532.write.1.tlog
C:\Users\Nathan\documents\visual studio 2012\Projects\OpenGLModern\OpenGLModern\Debug\link.6848-cvtres.read.1.tlog
C:\Users\Nathan\documents\visual studio 2012\Projects\OpenGLModern\OpenGLModern\Debug\link.6848-cvtres.write.1.tlog
C:\Users\Nathan\documents\visual studio 2012\Projects\OpenGLModern\OpenGLModern\Debug\link.6848-rc.read.1.tlog
C:\Users\Nathan\documents\visual studio 2012\Projects\OpenGLModern\OpenGLModern\Debug\link.6848-rc.write.1.tlog
C:\Users\Nathan\documents\visual studio 2012\Projects\OpenGLModern\OpenGLModern\Debug\link.6848.read.1.tlog
C:\Users\Nathan\documents\visual studio 2012\Projects\OpenGLModern\OpenGLModern\Debug\link.6848.write.1.tlog
C:\Users\Nathan\documents\visual studio 2012\Projects\OpenGLModern\OpenGLModern\Debug\link.6948-cvtres.read.1.tlog
C:\Users\Nathan\documents\visual studio 2012\Projects\OpenGLModern\OpenGLModern\Debug\link.6948-cvtres.write.1.tlog
C:\Users\Nathan\documents\visual studio 2012\Projects\OpenGLModern\OpenGLModern\Debug\link.6948-rc.read.1.tlog
C:\Users\Nathan\documents\visual studio 2012\Projects\OpenGLModern\OpenGLModern\Debug\link.6948-rc.write.1.tlog
C:\Users\Nathan\documents\visual studio 2012\Projects\OpenGLModern\OpenGLModern\Debug\link.6948.read.1.tlog
C:\Users\Nathan\documents\visual studio 2012\Projects\OpenGLModern\OpenGLModern\Debug\link.6948.write.1.tlog
C:\Users\Nathan\documents\visual studio 2012\Projects\OpenGLModern\OpenGLModern\Debug\link.6968-cvtres.read.1.tlog
C:\Users\Nathan\documents\visual studio 2012\Projects\OpenGLModern\OpenGLModern\Debug\link.6968-cvtres.write.1.tlog
C:\Users\Nathan\documents\visual studio 2012\Projects\OpenGLModern\OpenGLModern\Debug\link.6968-rc.read.1.tlog
C:\Users\Nathan\documents\visual studio 2012\Projects\OpenGLModern\OpenGLModern\Debug\link.6968-rc.write.1.tlog
C:\Users\Nathan\documents\visual studio 2012\Projects\OpenGLModern\OpenGLModern\Debug\link.6968.read.1.tlog
C:\Users\Nathan\documents\visual studio 2012\Projects\OpenGLModern\OpenGLModern\Debug\link.6968.write.1.tlog
C:\Users\Nathan\documents\visual studio 2012\Projects\OpenGLModern\OpenGLModern\Debug\link.7008-cvtres.read.1.tlog
C:\Users\Nathan\documents\visual studio 2012\Projects\OpenGLModern\OpenGLModern\Debug\link.7008-cvtres.write.1.tlog
C:\Users\Nathan\documents\visual studio 2012\Projects\OpenGLModern\OpenGLModern\Debug\link.7008-rc.read.1.tlog
C:\Users\Nathan\documents\visual studio 2012\Projects\OpenGLModern\OpenGLModern\Debug\link.7008-rc.write.1.tlog
C:\Users\Nathan\documents\visual studio 2012\Projects\OpenGLModern\OpenGLModern\Debug\link.7008.read.1.tlog
C:\Users\Nathan\documents\visual studio 2012\Projects\OpenGLModern\OpenGLModern\Debug\link.7008.write.1.tlog
C:\Users\Nathan\documents\visual studio 2012\Projects\OpenGLModern\OpenGLModern\Debug\link.7152-cvtres.read.1.tlog
C:\Users\Nathan\documents\visual studio 2012\Projects\OpenGLModern\OpenGLModern\Debug\link.7152-cvtres.write.1.tlog
C:\Users\Nathan\documents\visual studio 2012\Projects\OpenGLModern\OpenGLModern\Debug\link.7152-rc.read.1.tlog
C:\Users\Nathan\documents\visual studio 2012\Projects\OpenGLModern\OpenGLModern\Debug\link.7152-rc.write.1.tlog
C:\Users\Nathan\documents\visual studio 2012\Projects\OpenGLModern\OpenGLModern\Debug\link.7152.read.1.tlog
C:\Users\Nathan\documents\visual studio 2012\Projects\OpenGLModern\OpenGLModern\Debug\link.7152.write.1.tlog
C:\Users\Nathan\documents\visual studio 2012\Projects\OpenGLModern\OpenGLModern\Debug\link.7172.read.1.tlog
C:\Users\Nathan\documents\visual studio 2012\Projects\OpenGLModern\OpenGLModern\Debug\link.7172.write.1.tlog
C:\Users\Nathan\documents\visual studio 2012\Projects\OpenGLModern\OpenGLModern\Debug\link.7180-cvtres.read.1.tlog
C:\Users\Nathan\documents\visual studio 2012\Projects\OpenGLModern\OpenGLModern\Debug\link.7180-cvtres.write.1.tlog
C:\Users\Nathan\documents\visual studio 2012\Projects\OpenGLModern\OpenGLModern\Debug\link.7180-rc.read.1.tlog
C:\Users\Nathan\documents\visual studio 2012\Projects\OpenGLModern\OpenGLModern\Debug\link.7180-rc.write.1.tlog
C:\Users\Nathan\documents\visual studio 2012\Projects\OpenGLModern\OpenGLModern\Debug\link.7180.read.1.tlog
C:\Users\Nathan\documents\visual studio 2012\Projects\OpenGLModern\OpenGLModern\Debug\link.7180.write.1.tlog
C:\Users\Nathan\documents\visual studio 2012\Projects\OpenGLModern\OpenGLModern\Debug\link.7244-cvtres.read.1.tlog
C:\Users\Nathan\documents\visual studio 2012\Projects\OpenGLModern\OpenGLModern\Debug\link.7244-cvtres.write.1.tlog
C:\Users\Nathan\documents\visual studio 2012\Projects\OpenGLModern\OpenGLModern\Debug\link.7244-rc.read.1.tlog
C:\Users\Nathan\documents\visual studio 2012\Projects\OpenGLModern\OpenGLModern\Debug\link.7244-rc.write.1.tlog
C:\Users\Nathan\documents\visual studio 2012\Projects\OpenGLModern\OpenGLModern\Debug\link.7244.read.1.tlog
C:\Users\Nathan\documents\visual studio 2012\Projects\OpenGLModern\OpenGLModern\Debug\link.7244.write.1.tlog
C:\Users\Nathan\documents\visual studio 2012\Projects\OpenGLModern\OpenGLModern\Debug\link.7312-cvtres.read.1.tlog
C:\Users\Nathan\documents\visual studio 2012\Projects\OpenGLModern\OpenGLModern\Debug\link.7312-cvtres.write.1.tlog
C:\Users\Nathan\documents\visual studio 2012\Projects\OpenGLModern\OpenGLModern\Debug\link.7312-rc.read.1.tlog
C:\Users\Nathan\documents\visual studio 2012\Projects\OpenGLModern\OpenGLModern\Debug\link.7312-rc.write.1.tlog
C:\Users\Nathan\documents\visual studio 2012\Projects\OpenGLModern\OpenGLModern\Debug\link.7312.read.1.tlog
C:\Users\Nathan\documents\visual studio 2012\Projects\OpenGLModern\OpenGLModern\Debug\link.7312.write.1.tlog
C:\Users\Nathan\documents\visual studio 2012\Projects\OpenGLModern\OpenGLModern\Debug\link.7476-cvtres.read.1.tlog
C:\Users\Nathan\documents\visual studio 2012\Projects\OpenGLModern\OpenGLModern\Debug\link.7476-cvtres.write.1.tlog
C:\Users\Nathan\documents\visual studio 2012\Projects\OpenGLModern\OpenGLModern\Debug\link.7476-rc.read.1.tlog
C:\Users\Nathan\documents\visual studio 2012\Projects\OpenGLModern\OpenGLModern\Debug\link.7476-rc.write.1.tlog
C:\Users\Nathan\documents\visual studio 2012\Projects\OpenGLModern\OpenGLModern\Debug\link.7476.read.1.tlog
C:\Users\Nathan\documents\visual studio 2012\Projects\OpenGLModern\OpenGLModern\Debug\link.7476.write.1.tlog
C:\Users\Nathan\documents\visual studio 2012\Projects\OpenGLModern\OpenGLModern\Debug\link.7660-cvtres.read.1.tlog
C:\Users\Nathan\documents\visual studio 2012\Projects\OpenGLModern\OpenGLModern\Debug\link.7660-cvtres.write.1.tlog
C:\Users\Nathan\documents\visual studio 2012\Projects\OpenGLModern\OpenGLModern\Debug\link.7660-rc.read.1.tlog
C:\Users\Nathan\documents\visual studio 2012\Projects\OpenGLModern\OpenGLModern\Debug\link.7660-rc.write.1.tlog
C:\Users\Nathan\documents\visual studio 2012\Projects\OpenGLModern\OpenGLModern\Debug\link.7660.read.1.tlog
C:\Users\Nathan\documents\visual studio 2012\Projects\OpenGLModern\OpenGLModern\Debug\link.7660.write.1.tlog
C:\Users\Nathan\documents\visual studio 2012\Projects\OpenGLModern\OpenGLModern\Debug\link.788-cvtres.read.1.tlog
C:\Users\Nathan\documents\visual studio 2012\Projects\OpenGLModern\OpenGLModern\Debug\link.788-cvtres.write.1.tlog
C:\Users\Nathan\documents\visual studio 2012\Projects\OpenGLModern\OpenGLModern\Debug\link.788-rc.read.1.tlog
C:\Users\Nathan\documents\visual studio 2012\Projects\OpenGLModern\OpenGLModern\Debug\link.788-rc.write.1.tlog
C:\Users\Nathan\documents\visual studio 2012\Projects\OpenGLModern\OpenGLModern\Debug\link.788.read.1.tlog
C:\Users\Nathan\documents\visual studio 2012\Projects\OpenGLModern\OpenGLModern\Debug\link.788.write.1.tlog
C:\Users\Nathan\documents\visual studio 2012\Projects\OpenGLModern\OpenGLModern\Debug\link.8048-cvtres.read.1.tlog
C:\Users\Nathan\documents\visual studio 2012\Projects\OpenGLModern\OpenGLModern\Debug\link.8048-cvtres.write.1.tlog
C:\Users\Nathan\documents\visual studio 2012\Projects\OpenGLModern\OpenGLModern\Debug\link.8048-rc.read.1.tlog
C:\Users\Nathan\documents\visual studio 2012\Projects\OpenGLModern\OpenGLModern\Debug\link.8048-rc.write.1.tlog
C:\Users\Nathan\documents\visual studio 2012\Projects\OpenGLModern\OpenGLModern\Debug\link.8048.read.1.tlog
C:\Users\Nathan\documents\visual studio 2012\Projects\OpenGLModern\OpenGLModern\Debug\link.8048.write.1.tlog
C:\Users\Nathan\documents\visual studio 2012\Projects\OpenGLModern\OpenGLModern\Debug\link.8088-cvtres.read.1.tlog
C:\Users\Nathan\documents\visual studio 2012\Projects\OpenGLModern\OpenGLModern\Debug\link.8088-cvtres.write.1.tlog
C:\Users\Nathan\documents\visual studio 2012\Projects\OpenGLModern\OpenGLModern\Debug\link.8088-rc.read.1.tlog
C:\Users\Nathan\documents\visual studio 2012\Projects\OpenGLModern\OpenGLModern\Debug\link.8088-rc.write.1.tlog
C:\Users\Nathan\documents\visual studio 2012\Projects\OpenGLModern\OpenGLModern\Debug\link.8088.read.1.tlog
C:\Users\Nathan\documents\visual studio 2012\Projects\OpenGLModern\OpenGLModern\Debug\link.8088.write.1.tlog
C:\Users\Nathan\documents\visual studio 2012\Projects\OpenGLModern\OpenGLModern\Debug\link.8140-cvtres.read.1.tlog
C:\Users\Nathan\documents\visual studio 2012\Projects\OpenGLModern\OpenGLModern\Debug\link.8140-cvtres.write.1.tlog
C:\Users\Nathan\documents\visual studio 2012\Projects\OpenGLModern\OpenGLModern\Debug\link.8140-rc.read.1.tlog
C:\Users\Nathan\documents\visual studio 2012\Projects\OpenGLModern\OpenGLModern\Debug\link.8140-rc.write.1.tlog
C:\Users\Nathan\documents\visual studio 2012\Projects\OpenGLModern\OpenGLModern\Debug\link.8140.read.1.tlog
C:\Users\Nathan\documents\visual studio 2012\Projects\OpenGLModern\OpenGLModern\Debug\link.8140.write.1.tlog
C:\Users\Nathan\documents\visual studio 2012\Projects\OpenGLModern\OpenGLModern\Debug\link.8168-cvtres.read.1.tlog
C:\Users\Nathan\documents\visual studio 2012\Projects\OpenGLModern\OpenGLModern\Debug\link.8168-cvtres.write.1.tlog
C:\Users\Nathan\documents\visual studio 2012\Projects\OpenGLModern\OpenGLModern\Debug\link.8168-rc.read.1.tlog
C:\Users\Nathan\documents\visual studio 2012\Projects\OpenGLModern\OpenGLModern\Debug\link.8168-rc.write.1.tlog
C:\Users\Nathan\documents\visual studio 2012\Projects\OpenGLModern\OpenGLModern\Debug\link.8168.read.1.tlog
C:\Users\Nathan\documents\visual studio 2012\Projects\OpenGLModern\OpenGLModern\Debug\link.8168.write.1.tlog
C:\Users\Nathan\documents\visual studio 2012\Projects\OpenGLModern\OpenGLModern\Debug\link.8196-cvtres.read.1.tlog
C:\Users\Nathan\documents\visual studio 2012\Projects\OpenGLModern\OpenGLModern\Debug\link.8196-cvtres.write.1.tlog
C:\Users\Nathan\documents\visual studio 2012\Projects\OpenGLModern\OpenGLModern\Debug\link.8196-rc.read.1.tlog
C:\Users\Nathan\documents\visual studio 2012\Projects\OpenGLModern\OpenGLModern\Debug\link.8196-rc.write.1.tlog
C:\Users\Nathan\documents\visual studio 2012\Projects\OpenGLModern\OpenGLModern\Debug\link.8196.read.1.tlog
C:\Users\Nathan\documents\visual studio 2012\Projects\OpenGLModern\OpenGLModern\Debug\link.8196.write.1.tlog
C:\Users\Nathan\documents\visual studio 2012\Projects\OpenGLModern\OpenGLModern\Debug\link.8280-cvtres.read.1.tlog
C:\Users\Nathan\documents\visual studio 2012\Projects\OpenGLModern\OpenGLModern\Debug\link.8280-cvtres.write.1.tlog
C:\Users\Nathan\documents\visual studio 2012\Projects\OpenGLModern\OpenGLModern\Debug\link.8280-rc.read.1.tlog
C:\Users\Nathan\documents\visual studio 2012\Projects\OpenGLModern\OpenGLModern\Debug\link.8280-rc.write.1.tlog
C:\Users\Nathan\documents\visual studio 2012\Projects\OpenGLModern\OpenGLModern\Debug\link.8280.read.1.tlog
C:\Users\Nathan\documents\visual studio 2012\Projects\OpenGLModern\OpenGLModern\Debug\link.8280.write.1.tlog
C:\Users\Nathan\documents\visual studio 2012\Projects\OpenGLModern\OpenGLModern\Debug\link.8284-cvtres.read.1.tlog
C:\Users\Nathan\documents\visual studio 2012\Projects\OpenGLModern\OpenGLModern\Debug\link.8284-cvtres.write.1.tlog
C:\Users\Nathan\documents\visual studio 2012\Projects\OpenGLModern\OpenGLModern\Debug\link.8284-rc.read.1.tlog
C:\Users\Nathan\documents\visual studio 2012\Projects\OpenGLModern\OpenGLModern\Debug\link.8284-rc.write.1.tlog
C:\Users\Nathan\documents\visual studio 2012\Projects\OpenGLModern\OpenGLModern\Debug\link.8284.read.1.tlog
C:\Users\Nathan\documents\visual studio 2012\Projects\OpenGLModern\OpenGLModern\Debug\link.8284.write.1.tlog
C:\Users\Nathan\documents\visual studio 2012\Projects\OpenGLModern\OpenGLModern\Debug\link.8468-cvtres.read.1.tlog
C:\Users\Nathan\documents\visual studio 2012\Projects\OpenGLModern\OpenGLModern\Debug\link.8468-cvtres.write.1.tlog
C:\Users\Nathan\documents\visual studio 2012\Projects\OpenGLModern\OpenGLModern\Debug\link.8468-rc.read.1.tlog
C:\Users\Nathan\documents\visual studio 2012\Projects\OpenGLModern\OpenGLModern\Debug\link.8468-rc.write.1.tlog
C:\Users\Nathan\documents\visual studio 2012\Projects\OpenGLModern\OpenGLModern\Debug\link.8468.read.1.tlog
C:\Users\Nathan\documents\visual studio 2012\Projects\OpenGLModern\OpenGLModern\Debug\link.8468.write.1.tlog
C:\Users\Nathan\documents\visual studio 2012\Projects\OpenGLModern\OpenGLModern\Debug\link.8596-cvtres.read.1.tlog
C:\Users\Nathan\documents\visual studio 2012\Projects\OpenGLModern\OpenGLModern\Debug\link.8596-cvtres.write.1.tlog
C:\Users\Nathan\documents\visual studio 2012\Projects\OpenGLModern\OpenGLModern\Debug\link.8596-rc.read.1.tlog
C:\Users\Nathan\documents\visual studio 2012\Projects\OpenGLModern\OpenGLModern\Debug\link.8596-rc.write.1.tlog
C:\Users\Nathan\documents\visual studio 2012\Projects\OpenGLModern\OpenGLModern\Debug\link.8596.read.1.tlog
C:\Users\Nathan\documents\visual studio 2012\Projects\OpenGLModern\OpenGLModern\Debug\link.8596.write.1.tlog
C:\Users\Nathan\documents\visual studio 2012\Projects\OpenGLModern\OpenGLModern\Debug\link.8616-cvtres.read.1.tlog
C:\Users\Nathan\documents\visual studio 2012\Projects\OpenGLModern\OpenGLModern\Debug\link.8616-cvtres.write.1.tlog
C:\Users\Nathan\documents\visual studio 2012\Projects\OpenGLModern\OpenGLModern\Debug\link.8616-rc.read.1.tlog
C:\Users\Nathan\documents\visual studio 2012\Projects\OpenGLModern\OpenGLModern\Debug\link.8616-rc.write.1.tlog
C:\Users\Nathan\documents\visual studio 2012\Projects\OpenGLModern\OpenGLModern\Debug\link.8616.read.1.tlog
C:\Users\Nathan\documents\visual studio 2012\Projects\OpenGLModern\OpenGLModern\Debug\link.8616.write.1.tlog
C:\Users\Nathan\documents\visual studio 2012\Projects\OpenGLModern\OpenGLModern\Debug\link.8720-cvtres.read.1.tlog
C:\Users\Nathan\documents\visual studio 2012\Projects\OpenGLModern\OpenGLModern\Debug\link.8720-cvtres.write.1.tlog
C:\Users\Nathan\documents\visual studio 2012\Projects\OpenGLModern\OpenGLModern\Debug\link.8720-rc.read.1.tlog
C:\Users\Nathan\documents\visual studio 2012\Projects\OpenGLModern\OpenGLModern\Debug\link.8720-rc.write.1.tlog
C:\Users\Nathan\documents\visual studio 2012\Projects\OpenGLModern\OpenGLModern\Debug\link.8720.read.1.tlog
C:\Users\Nathan\documents\visual studio 2012\Projects\OpenGLModern\OpenGLModern\Debug\link.8720.write.1.tlog
C:\Users\Nathan\documents\visual studio 2012\Projects\OpenGLModern\OpenGLModern\Debug\link.8752-cvtres.read.1.tlog
C:\Users\Nathan\documents\visual studio 2012\Projects\OpenGLModern\OpenGLModern\Debug\link.8752-cvtres.write.1.tlog
C:\Users\Nathan\documents\visual studio 2012\Projects\OpenGLModern\OpenGLModern\Debug\link.8752-rc.read.1.tlog
C:\Users\Nathan\documents\visual studio 2012\Projects\OpenGLModern\OpenGLModern\Debug\link.8752-rc.write.1.tlog
C:\Users\Nathan\documents\visual studio 2012\Projects\OpenGLModern\OpenGLModern\Debug\link.8752.read.1.tlog
C:\Users\Nathan\documents\visual studio 2012\Projects\OpenGLModern\OpenGLModern\Debug\link.8752.write.1.tlog
C:\Users\Nathan\documents\visual studio 2012\Projects\OpenGLModern\OpenGLModern\Debug\link.8792-cvtres.read.1.tlog
C:\Users\Nathan\documents\visual studio 2012\Projects\OpenGLModern\OpenGLModern\Debug\link.8792-cvtres.write.1.tlog
C:\Users\Nathan\documents\visual studio 2012\Projects\OpenGLModern\OpenGLModern\Debug\link.8792-rc.read.1.tlog
C:\Users\Nathan\documents\visual studio 2012\Projects\OpenGLModern\OpenGLModern\Debug\link.8792-rc.write.1.tlog
C:\Users\Nathan\documents\visual studio 2012\Projects\OpenGLModern\OpenGLModern\Debug\link.8792.read.1.tlog
C:\Users\Nathan\documents\visual studio 2012\Projects\OpenGLModern\OpenGLModern\Debug\link.8792.write.1.tlog
C:\Users\Nathan\documents\visual studio 2012\Projects\OpenGLModern\OpenGLModern\Debug\link.8816-cvtres.read.1.tlog
C:\Users\Nathan\documents\visual studio 2012\Projects\OpenGLModern\OpenGLModern\Debug\link.8816-cvtres.write.1.tlog
C:\Users\Nathan\documents\visual studio 2012\Projects\OpenGLModern\OpenGLModern\Debug\link.8816-rc.read.1.tlog
C:\Users\Nathan\documents\visual studio 2012\Projects\OpenGLModern\OpenGLModern\Debug\link.8816-rc.write.1.tlog
C:\Users\Nathan\documents\visual studio 2012\Projects\OpenGLModern\OpenGLModern\Debug\link.8816.read.1.tlog
C:\Users\Nathan\documents\visual studio 2012\Projects\OpenGLModern\OpenGLModern\Debug\link.8816.write.1.tlog
C:\Users\Nathan\documents\visual studio 2012\Projects\OpenGLModern\OpenGLModern\Debug\link.8960-cvtres.read.1.tlog
C:\Users\Nathan\documents\visual studio 2012\Projects\OpenGLModern\OpenGLModern\Debug\link.8960-cvtres.write.1.tlog
C:\Users\Nathan\documents\visual studio 2012\Projects\OpenGLModern\OpenGLModern\Debug\link.8960-rc.read.1.tlog
C:\Users\Nathan\documents\visual studio 2012\Projects\OpenGLModern\OpenGLModern\Debug\link.8960-rc.write.1.tlog
C:\Users\Nathan\documents\visual studio 2012\Projects\OpenGLModern\OpenGLModern\Debug\link.8960.read.1.tlog
C:\Users\Nathan\documents\visual studio 2012\Projects\OpenGLModern\OpenGLModern\Debug\link.8960.write.1.tlog
C:\Users\Nathan\documents\visual studio 2012\Projects\OpenGLModern\OpenGLModern\Debug\link.9008-cvtres.read.1.tlog
C:\Users\Nathan\documents\visual studio 2012\Projects\OpenGLModern\OpenGLModern\Debug\link.9008-cvtres.write.1.tlog
C:\Users\Nathan\documents\visual studio 2012\Projects\OpenGLModern\OpenGLModern\Debug\link.9008-rc.read.1.tlog
C:\Users\Nathan\documents\visual studio 2012\Projects\OpenGLModern\OpenGLModern\Debug\link.9008-rc.write.1.tlog
C:\Users\Nathan\documents\visual studio 2012\Projects\OpenGLModern\OpenGLModern\Debug\link.9008.read.1.tlog
C:\Users\Nathan\documents\visual studio 2012\Projects\OpenGLModern\OpenGLModern\Debug\link.9008.write.1.tlog
C:\Users\Nathan\documents\visual studio 2012\Projects\OpenGLModern\OpenGLModern\Debug\link.9088-cvtres.read.1.tlog
C:\Users\Nathan\documents\visual studio 2012\Projects\OpenGLModern\OpenGLModern\Debug\link.9088-cvtres.write.1.tlog
C:\Users\Nathan\documents\visual studio 2012\Projects\OpenGLModern\OpenGLModern\Debug\link.9088-rc.read.1.tlog
C:\Users\Nathan\documents\visual studio 2012\Projects\OpenGLModern\OpenGLModern\Debug\link.9088-rc.write.1.tlog
C:\Users\Nathan\documents\visual studio 2012\Projects\OpenGLModern\OpenGLModern\Debug\link.9088.read.1.tlog
C:\Users\Nathan\documents\visual studio 2012\Projects\OpenGLModern\OpenGLModern\Debug\link.9088.write.1.tlog
C:\Users\Nathan\documents\visual studio 2012\Projects\OpenGLModern\OpenGLModern\Debug\link.9108-cvtres.read.1.tlog
C:\Users\Nathan\documents\visual studio 2012\Projects\OpenGLModern\OpenGLModern\Debug\link.9108-cvtres.write.1.tlog
C:\Users\Nathan\documents\visual studio 2012\Projects\OpenGLModern\OpenGLModern\Debug\link.9108-rc.read.1.tlog
C:\Users\Nathan\documents\visual studio 2012\Projects\OpenGLModern\OpenGLModern\Debug\link.9108-rc.write.1.tlog
C:\Users\Nathan\documents\visual studio 2012\Projects\OpenGLModern\OpenGLModern\Debug\link.9108.read.1.tlog
C:\Users\Nathan\documents\visual studio 2012\Projects\OpenGLModern\OpenGLModern\Debug\link.9108.write.1.tlog
C:\Users\Nathan\documents\visual studio 2012\Projects\OpenGLModern\OpenGLModern\Debug\link.9308-cvtres.read.1.tlog
C:\Users\Nathan\documents\visual studio 2012\Projects\OpenGLModern\OpenGLModern\Debug\link.9308-cvtres.write.1.tlog
C:\Users\Nathan\documents\visual studio 2012\Projects\OpenGLModern\OpenGLModern\Debug\link.9308-rc.read.1.tlog
C:\Users\Nathan\documents\visual studio 2012\Projects\OpenGLModern\OpenGLModern\Debug\link.9308-rc.write.1.tlog
C:\Users\Nathan\documents\visual studio 2012\Projects\OpenGLModern\OpenGLModern\Debug\link.9308.read.1.tlog
C:\Users\Nathan\documents\visual studio 2012\Projects\OpenGLModern\OpenGLModern\Debug\link.9308.write.1.tlog
C:\Users\Nathan\documents\visual studio 2012\Projects\OpenGLModern\OpenGLModern\Debug\link.9400-cvtres.read.1.tlog
C:\Users\Nathan\documents\visual studio 2012\Projects\OpenGLModern\OpenGLModern\Debug\link.9400-cvtres.write.1.tlog
C:\Users\Nathan\documents\visual studio 2012\Projects\OpenGLModern\OpenGLModern\Debug\link.9400-rc.read.1.tlog
C:\Users\Nathan\documents\visual studio 2012\Projects\OpenGLModern\OpenGLModern\Debug\link.9400-rc.write.1.tlog
C:\Users\Nathan\documents\visual studio 2012\Projects\OpenGLModern\OpenGLModern\Debug\link.9400.read.1.tlog
C:\Users\Nathan\documents\visual studio 2012\Projects\OpenGLModern\OpenGLModern\Debug\link.9400.write.1.tlog
C:\Users\Nathan\documents\visual studio 2012\Projects\OpenGLModern\OpenGLModern\Debug\link.9888-cvtres.read.1.tlog
C:\Users\Nathan\documents\visual studio 2012\Projects\OpenGLModern\OpenGLModern\Debug\link.9888-cvtres.write.1.tlog
C:\Users\Nathan\documents\visual studio 2012\Projects\OpenGLModern\OpenGLModern\Debug\link.9888-rc.read.1.tlog
C:\Users\Nathan\documents\visual studio 2012\Projects\OpenGLModern\OpenGLModern\Debug\link.9888-rc.write.1.tlog
C:\Users\Nathan\documents\visual studio 2012\Projects\OpenGLModern\OpenGLModern\Debug\link.9888.read.1.tlog
C:\Users\Nathan\documents\visual studio 2012\Projects\OpenGLModern\OpenGLModern\Debug\link.9888.write.1.tlog
C:\Users\Nathan\documents\visual studio 2012\Projects\OpenGLModern\OpenGLModern\Debug\link.command.1.tlog
C:\Users\Nathan\documents\visual studio 2012\Projects\OpenGLModern\OpenGLModern\Debug\link.read.1.tlog
C:\Users\Nathan\documents\visual studio 2012\Projects\OpenGLModern\OpenGLModern\Debug\link.write.1.tlog
C:\Users\Nathan\documents\visual studio 2012\Projects\OpenGLModern\OpenGLModern\Debug\vc110.idb
C:\Users\Nathan\documents\visual studio 2012\Projects\OpenGLModern\OpenGLModern\Debug\vc110.pdb
C:\Users\Nathan\documents\visual studio 2012\Projects\OpenGLModern\Debug\YuEngine.pdb
C:\Users\Nathan\documents\visual studio 2012\Projects\OpenGLModern\Debug\YuEngine.lib
C:\Users\Nathan\documents\visual studio 2012\Projects\OpenGLModern\Debug\YuEngine.ilk
