La génération a démarré 27/01/2015 00:21:05.
     1>Projet "C:\Users\Nathan\documents\visual studio 2012\Projects\OpenGLModern\YuEngine\OpenGLModern.vcxproj" sur le nœud 2 (Build cible(s)).
     1>ClCompile:
         C:\Program Files (x86)\Microsoft Visual Studio 11.0\VC\bin\CL.exe /c /Zi /nologo /W0 /WX- /O2 /Oi /Oy- /GL /D _MBCS /Gm- /EHsc /MD /GS /Gy /fp:precise /Zc:wchar_t /Zc:forScope /Fo"Release\\" /Fd"Release\vc110.pdb" /Gd /TP /analyze- /errorReport:prompt ..\YuEngine\OpenGlScene.cpp
         OpenGlScene.cpp
       Lib:
         C:\Program Files (x86)\Microsoft Visual Studio 11.0\VC\bin\Lib.exe /OUT:"C:\Users\Nathan\documents\visual studio 2012\Projects\OpenGLModern\Release\YuEngine.lib" /NOLOGO /LTCG Release\Camera2D.obj
         Release\Container.obj
         Release\DebugOverlay.obj
         Release\FontRenderer.obj
         Release\FpsCounter.obj
         Release\GameRenderer.obj
         Release\Input.obj
         Release\Object.obj
         Release\OpenGlScene.obj
         Release\Perlin2D.obj
         Release\Renderable.obj
         Release\Shader.obj
         Release\Spritesheet.obj
         Release\SpritesheetsManager.obj
         Release\Texture.obj
         Release\Utils.obj
         Release\YuBoudingbox.obj
         Release\YuWindow.obj
         Release\DDAHelper.obj
         Release\EventTimer.obj
         Release\FrameBuffer.obj
         OpenGLModern.vcxproj -> C:\Users\Nathan\documents\visual studio 2012\Projects\OpenGLModern\Release\YuEngine.lib
     1>Génération du projet "C:\Users\Nathan\documents\visual studio 2012\Projects\OpenGLModern\YuEngine\OpenGLModern.vcxproj" terminée (Build cible(s)).

La génération a réussi.

Temps écoulé 00:00:01.17
