C:\USERS\NATHAN\DOCUMENTS\VISUAL STUDIO 2012\PROJECTS\OPENGLMODERN\YUENGINE\RELEASE\FRAMEBUFFER.OBJ
C:\USERS\NATHAN\DOCUMENTS\VISUAL STUDIO 2012\PROJECTS\OPENGLMODERN\YUENGINE\RELEASE\EVENTTIMER.OBJ
C:\USERS\NATHAN\DOCUMENTS\VISUAL STUDIO 2012\PROJECTS\OPENGLMODERN\YUENGINE\RELEASE\DDAHELPER.OBJ
C:\USERS\NATHAN\DOCUMENTS\VISUAL STUDIO 2012\PROJECTS\OPENGLMODERN\YUENGINE\RELEASE\YUBOUDINGBOX.OBJ
C:\USERS\NATHAN\DOCUMENTS\VISUAL STUDIO 2012\PROJECTS\OPENGLMODERN\YUENGINE\RELEASE\TEXTURE.OBJ
C:\USERS\NATHAN\DOCUMENTS\VISUAL STUDIO 2012\PROJECTS\OPENGLMODERN\YUENGINE\RELEASE\SPRITESHEETSMANAGER.OBJ
C:\USERS\NATHAN\DOCUMENTS\VISUAL STUDIO 2012\PROJECTS\OPENGLMODERN\YUENGINE\RELEASE\SPRITESHEET.OBJ
C:\USERS\NATHAN\DOCUMENTS\VISUAL STUDIO 2012\PROJECTS\OPENGLMODERN\YUENGINE\RELEASE\OPENGLSCENE.OBJ
C:\USERS\NATHAN\DOCUMENTS\VISUAL STUDIO 2012\PROJECTS\OPENGLMODERN\YUENGINE\RELEASE\GAMERENDERER.OBJ
C:\USERS\NATHAN\DOCUMENTS\VISUAL STUDIO 2012\PROJECTS\OPENGLMODERN\YUENGINE\RELEASE\FONTRENDERER.OBJ
C:\USERS\NATHAN\DOCUMENTS\VISUAL STUDIO 2012\PROJECTS\OPENGLMODERN\YUENGINE\RELEASE\VC110.PDB
C:\USERS\NATHAN\DOCUMENTS\VISUAL STUDIO 2012\PROJECTS\OPENGLMODERN\RELEASE\YUENGINE.LIB
C:\Users\Nathan\Documents\visual studio 2012\Projects\OpenGLModern\YuEngine\Release\Camera2D.obj
C:\Users\Nathan\Documents\visual studio 2012\Projects\OpenGLModern\YuEngine\Release\Container.obj
C:\Users\Nathan\Documents\visual studio 2012\Projects\OpenGLModern\YuEngine\Release\DDAHelper.obj
C:\Users\Nathan\Documents\visual studio 2012\Projects\OpenGLModern\YuEngine\Release\DebugOverlay.obj
C:\Users\Nathan\Documents\visual studio 2012\Projects\OpenGLModern\YuEngine\Release\EventTimer.obj
C:\Users\Nathan\Documents\visual studio 2012\Projects\OpenGLModern\YuEngine\Release\FontRenderer.obj
C:\Users\Nathan\Documents\visual studio 2012\Projects\OpenGLModern\YuEngine\Release\FpsCounter.obj
C:\Users\Nathan\Documents\visual studio 2012\Projects\OpenGLModern\YuEngine\Release\FrameBuffer.obj
C:\Users\Nathan\Documents\visual studio 2012\Projects\OpenGLModern\YuEngine\Release\GameRenderer.obj
C:\Users\Nathan\Documents\visual studio 2012\Projects\OpenGLModern\YuEngine\Release\Input.obj
C:\Users\Nathan\Documents\visual studio 2012\Projects\OpenGLModern\YuEngine\Release\Object.obj
C:\Users\Nathan\Documents\visual studio 2012\Projects\OpenGLModern\YuEngine\Release\OpenGlScene.obj
C:\Users\Nathan\Documents\visual studio 2012\Projects\OpenGLModern\YuEngine\Release\Perlin2D.obj
C:\Users\Nathan\Documents\visual studio 2012\Projects\OpenGLModern\YuEngine\Release\Renderable.obj
C:\Users\Nathan\Documents\visual studio 2012\Projects\OpenGLModern\YuEngine\Release\Shader.obj
C:\Users\Nathan\Documents\visual studio 2012\Projects\OpenGLModern\YuEngine\Release\Spritesheet.obj
C:\Users\Nathan\Documents\visual studio 2012\Projects\OpenGLModern\YuEngine\Release\SpritesheetsManager.obj
C:\Users\Nathan\Documents\visual studio 2012\Projects\OpenGLModern\YuEngine\Release\Texture.obj
C:\Users\Nathan\Documents\visual studio 2012\Projects\OpenGLModern\YuEngine\Release\Utils.obj
C:\Users\Nathan\Documents\visual studio 2012\Projects\OpenGLModern\YuEngine\Release\YuBoudingbox.obj
C:\Users\Nathan\Documents\visual studio 2012\Projects\OpenGLModern\YuEngine\Release\YuWindow.obj
C:\Users\Nathan\Documents\visual studio 2012\Projects\OpenGLModern\YuEngine\Release\cl.command.1.tlog
C:\Users\Nathan\Documents\visual studio 2012\Projects\OpenGLModern\YuEngine\Release\CL.read.1.tlog
C:\Users\Nathan\Documents\visual studio 2012\Projects\OpenGLModern\YuEngine\Release\CL.write.1.tlog
C:\Users\Nathan\Documents\visual studio 2012\Projects\OpenGLModern\YuEngine\Release\Lib-link.read.1.tlog
C:\Users\Nathan\Documents\visual studio 2012\Projects\OpenGLModern\YuEngine\Release\Lib-link.write.1.tlog
C:\Users\Nathan\Documents\visual studio 2012\Projects\OpenGLModern\YuEngine\Release\lib.command.1.tlog
C:\Users\Nathan\Documents\visual studio 2012\Projects\OpenGLModern\YuEngine\Release\vc110.pdb
C:\Users\Nathan\Documents\Visual Studio 2012\Projects\OpenGLModern\Release\YuEngine.lib
