C:\USERS\NATHAN\DOCUMENTS\VISUAL STUDIO 2012\PROJECTS\OPENGLMODERN\MYOPENGL\DEBUG\MAIN.OBJ
C:\USERS\NATHAN\DOCUMENTS\VISUAL STUDIO 2012\PROJECTS\OPENGLMODERN\MYOPENGL\DEBUG\VC110.PDB
C:\USERS\NATHAN\DOCUMENTS\VISUAL STUDIO 2012\PROJECTS\OPENGLMODERN\DEBUG\MYOPENGL.ILK
C:\USERS\NATHAN\DOCUMENTS\VISUAL STUDIO 2012\PROJECTS\OPENGLMODERN\DEBUG\MYOPENGL.EXE
C:\USERS\NATHAN\DOCUMENTS\VISUAL STUDIO 2012\PROJECTS\OPENGLMODERN\DEBUG\MYOPENGL.PDB
C:\Users\Nathan\documents\visual studio 2012\Projects\OpenGLModern\MyOpenGL\Debug\main.obj
C:\Users\Nathan\documents\visual studio 2012\Projects\OpenGLModern\MyOpenGL\Debug\cl.command.1.tlog
C:\Users\Nathan\documents\visual studio 2012\Projects\OpenGLModern\MyOpenGL\Debug\CL.read.1.tlog
C:\Users\Nathan\documents\visual studio 2012\Projects\OpenGLModern\MyOpenGL\Debug\CL.write.1.tlog
C:\Users\Nathan\documents\visual studio 2012\Projects\OpenGLModern\MyOpenGL\Debug\link-cvtres.read.1.tlog
C:\Users\Nathan\documents\visual studio 2012\Projects\OpenGLModern\MyOpenGL\Debug\link-cvtres.write.1.tlog
C:\Users\Nathan\documents\visual studio 2012\Projects\OpenGLModern\MyOpenGL\Debug\link-rc.read.1.tlog
C:\Users\Nathan\documents\visual studio 2012\Projects\OpenGLModern\MyOpenGL\Debug\link-rc.write.1.tlog
C:\Users\Nathan\documents\visual studio 2012\Projects\OpenGLModern\MyOpenGL\Debug\link.5312-cvtres.read.1.tlog
C:\Users\Nathan\documents\visual studio 2012\Projects\OpenGLModern\MyOpenGL\Debug\link.5312-cvtres.write.1.tlog
C:\Users\Nathan\documents\visual studio 2012\Projects\OpenGLModern\MyOpenGL\Debug\link.5312-rc.read.1.tlog
C:\Users\Nathan\documents\visual studio 2012\Projects\OpenGLModern\MyOpenGL\Debug\link.5312-rc.write.1.tlog
C:\Users\Nathan\documents\visual studio 2012\Projects\OpenGLModern\MyOpenGL\Debug\link.5312.read.1.tlog
C:\Users\Nathan\documents\visual studio 2012\Projects\OpenGLModern\MyOpenGL\Debug\link.5312.write.1.tlog
C:\Users\Nathan\documents\visual studio 2012\Projects\OpenGLModern\MyOpenGL\Debug\link.8020-cvtres.read.1.tlog
C:\Users\Nathan\documents\visual studio 2012\Projects\OpenGLModern\MyOpenGL\Debug\link.8020-cvtres.write.1.tlog
C:\Users\Nathan\documents\visual studio 2012\Projects\OpenGLModern\MyOpenGL\Debug\link.8020-rc.read.1.tlog
C:\Users\Nathan\documents\visual studio 2012\Projects\OpenGLModern\MyOpenGL\Debug\link.8020-rc.write.1.tlog
C:\Users\Nathan\documents\visual studio 2012\Projects\OpenGLModern\MyOpenGL\Debug\link.8020.read.1.tlog
C:\Users\Nathan\documents\visual studio 2012\Projects\OpenGLModern\MyOpenGL\Debug\link.8020.write.1.tlog
C:\Users\Nathan\documents\visual studio 2012\Projects\OpenGLModern\MyOpenGL\Debug\link.8436-cvtres.read.1.tlog
C:\Users\Nathan\documents\visual studio 2012\Projects\OpenGLModern\MyOpenGL\Debug\link.8436-cvtres.write.1.tlog
C:\Users\Nathan\documents\visual studio 2012\Projects\OpenGLModern\MyOpenGL\Debug\link.8436-rc.read.1.tlog
C:\Users\Nathan\documents\visual studio 2012\Projects\OpenGLModern\MyOpenGL\Debug\link.8436-rc.write.1.tlog
C:\Users\Nathan\documents\visual studio 2012\Projects\OpenGLModern\MyOpenGL\Debug\link.8436.read.1.tlog
C:\Users\Nathan\documents\visual studio 2012\Projects\OpenGLModern\MyOpenGL\Debug\link.8436.write.1.tlog
C:\Users\Nathan\documents\visual studio 2012\Projects\OpenGLModern\MyOpenGL\Debug\link.8672-cvtres.read.1.tlog
C:\Users\Nathan\documents\visual studio 2012\Projects\OpenGLModern\MyOpenGL\Debug\link.8672-cvtres.write.1.tlog
C:\Users\Nathan\documents\visual studio 2012\Projects\OpenGLModern\MyOpenGL\Debug\link.8672-rc.read.1.tlog
C:\Users\Nathan\documents\visual studio 2012\Projects\OpenGLModern\MyOpenGL\Debug\link.8672-rc.write.1.tlog
C:\Users\Nathan\documents\visual studio 2012\Projects\OpenGLModern\MyOpenGL\Debug\link.8672.read.1.tlog
C:\Users\Nathan\documents\visual studio 2012\Projects\OpenGLModern\MyOpenGL\Debug\link.8672.write.1.tlog
C:\Users\Nathan\documents\visual studio 2012\Projects\OpenGLModern\MyOpenGL\Debug\link.8972-cvtres.read.1.tlog
C:\Users\Nathan\documents\visual studio 2012\Projects\OpenGLModern\MyOpenGL\Debug\link.8972-cvtres.write.1.tlog
C:\Users\Nathan\documents\visual studio 2012\Projects\OpenGLModern\MyOpenGL\Debug\link.8972-rc.read.1.tlog
C:\Users\Nathan\documents\visual studio 2012\Projects\OpenGLModern\MyOpenGL\Debug\link.8972-rc.write.1.tlog
C:\Users\Nathan\documents\visual studio 2012\Projects\OpenGLModern\MyOpenGL\Debug\link.8972.read.1.tlog
C:\Users\Nathan\documents\visual studio 2012\Projects\OpenGLModern\MyOpenGL\Debug\link.8972.write.1.tlog
C:\Users\Nathan\documents\visual studio 2012\Projects\OpenGLModern\MyOpenGL\Debug\link.command.1.tlog
C:\Users\Nathan\documents\visual studio 2012\Projects\OpenGLModern\MyOpenGL\Debug\link.read.1.tlog
C:\Users\Nathan\documents\visual studio 2012\Projects\OpenGLModern\MyOpenGL\Debug\link.write.1.tlog
C:\Users\Nathan\documents\visual studio 2012\Projects\OpenGLModern\MyOpenGL\Debug\vc110.idb
C:\Users\Nathan\documents\visual studio 2012\Projects\OpenGLModern\MyOpenGL\Debug\vc110.pdb
C:\Users\Nathan\documents\visual studio 2012\Projects\OpenGLModern\Debug\MyOpenGL.pdb
C:\Users\Nathan\documents\visual studio 2012\Projects\OpenGLModern\Debug\MyOpenGL.exe
C:\Users\Nathan\documents\visual studio 2012\Projects\OpenGLModern\Debug\MyOpenGL.ilk
