La génération a démarré 22/01/2015 08:14:58.
     1>Projet "C:\Users\Nathan\documents\visual studio 2012\Projects\OpenGLModern\MyOpenGL\MyOpenGL.vcxproj" sur le nœud 2 (Build cible(s)).
     1>Link:
         C:\Program Files (x86)\Microsoft Visual Studio 11.0\VC\bin\link.exe /ERRORREPORT:PROMPT /OUT:"C:\Users\Nathan\documents\visual studio 2012\Projects\OpenGLModern\Debug\MyOpenGL.exe" /INCREMENTAL /NOLOGO YuEngine.lib SDL2.lib SDL2main.lib opengl32.lib glew32.lib SDL2_image.lib CompiledEasyBMP.lib kernel32.lib user32.lib gdi32.lib winspool.lib comdlg32.lib advapi32.lib shell32.lib ole32.lib oleaut32.lib uuid.lib odbc32.lib odbccp32.lib /MANIFEST /MANIFESTUAC:"level='asInvoker' uiAccess='false'" /manifest:embed /DEBUG /PDB:"C:\Users\Nathan\documents\visual studio 2012\Projects\OpenGLModern\Debug\MyOpenGL.pdb" /SUBSYSTEM:CONSOLE /TLBID:1 /DYNAMICBASE /NXCOMPAT /IMPLIB:"C:\Users\Nathan\documents\visual studio 2012\Projects\OpenGLModern\Debug\MyOpenGL.lib" /MACHINE:X86 Debug\Block.obj
         Debug\BlockAir.obj
         Debug\BlockDirt.obj
         Debug\BlockGrass.obj
         Debug\Chunk.obj
         Debug\Container.obj
         Debug\Entity.obj
         Debug\Light.obj
         Debug\LightManager.obj
         Debug\LightSun.obj
         Debug\main.obj
         Debug\MainScene.obj
         Debug\Object.obj
         Debug\PixelsMap.obj
         Debug\Player.obj
         Debug\World.obj
     1>CompiledEasyBMP.lib(EasyBMP.obj) : warning LNK4099: PDB 'vc110.pdb' n'a pu Ûtre trouvÚ avec 'CompiledEasyBMP.lib(EasyBMP.obj)' ou sur 'C:\Users\Nathan\documents\visual studio 2012\Projects\OpenGLModern\Debug\vc110.pdb'á; l'objet sera liÚ sans informations de dÚbogage
         MyOpenGL.vcxproj -> C:\Users\Nathan\documents\visual studio 2012\Projects\OpenGLModern\Debug\MyOpenGL.exe
     1>Génération du projet "C:\Users\Nathan\documents\visual studio 2012\Projects\OpenGLModern\MyOpenGL\MyOpenGL.vcxproj" terminée (Build cible(s)).

La génération a réussi.

Temps écoulé 00:00:01.59
