C:\USERS\NATHAN\DOCUMENTS\VISUAL STUDIO 2012\PROJECTS\OPENGLMODERN\OPENGLMODERN\RELEASE\SPRITERECT.OBJ
C:\USERS\NATHAN\DOCUMENTS\VISUAL STUDIO 2012\PROJECTS\OPENGLMODERN\OPENGLMODERN\RELEASE\SHADER.OBJ
C:\USERS\NATHAN\DOCUMENTS\VISUAL STUDIO 2012\PROJECTS\OPENGLMODERN\OPENGLMODERN\RELEASE\OBJECT.OBJ
C:\USERS\NATHAN\DOCUMENTS\VISUAL STUDIO 2012\PROJECTS\OPENGLMODERN\OPENGLMODERN\RELEASE\CONTAINER.OBJ
C:\USERS\NATHAN\DOCUMENTS\VISUAL STUDIO 2012\PROJECTS\OPENGLMODERN\OPENGLMODERN\RELEASE\UTILS.OBJ
C:\USERS\NATHAN\DOCUMENTS\VISUAL STUDIO 2012\PROJECTS\OPENGLMODERN\OPENGLMODERN\RELEASE\SPRITESHEETSMANAGER.OBJ
C:\USERS\NATHAN\DOCUMENTS\VISUAL STUDIO 2012\PROJECTS\OPENGLMODERN\OPENGLMODERN\RELEASE\RENDERABLE.OBJ
C:\USERS\NATHAN\DOCUMENTS\VISUAL STUDIO 2012\PROJECTS\OPENGLMODERN\OPENGLMODERN\RELEASE\GAMERENDERER.OBJ
C:\USERS\NATHAN\DOCUMENTS\VISUAL STUDIO 2012\PROJECTS\OPENGLMODERN\OPENGLMODERN\RELEASE\FONTRENDERER.OBJ
C:\USERS\NATHAN\DOCUMENTS\VISUAL STUDIO 2012\PROJECTS\OPENGLMODERN\OPENGLMODERN\RELEASE\TEXTURE.OBJ
C:\USERS\NATHAN\DOCUMENTS\VISUAL STUDIO 2012\PROJECTS\OPENGLMODERN\OPENGLMODERN\RELEASE\SPRITESHEET.OBJ
C:\USERS\NATHAN\DOCUMENTS\VISUAL STUDIO 2012\PROJECTS\OPENGLMODERN\OPENGLMODERN\RELEASE\OPENGLSCENE.OBJ
C:\USERS\NATHAN\DOCUMENTS\VISUAL STUDIO 2012\PROJECTS\OPENGLMODERN\OPENGLMODERN\RELEASE\MAIN.OBJ
C:\USERS\NATHAN\DOCUMENTS\VISUAL STUDIO 2012\PROJECTS\OPENGLMODERN\OPENGLMODERN\RELEASE\INPUT.OBJ
C:\USERS\NATHAN\DOCUMENTS\VISUAL STUDIO 2012\PROJECTS\OPENGLMODERN\OPENGLMODERN\RELEASE\FPSCOUNTER.OBJ
C:\USERS\NATHAN\DOCUMENTS\VISUAL STUDIO 2012\PROJECTS\OPENGLMODERN\OPENGLMODERN\RELEASE\DEBUGOVERLAY.OBJ
C:\USERS\NATHAN\DOCUMENTS\VISUAL STUDIO 2012\PROJECTS\OPENGLMODERN\OPENGLMODERN\RELEASE\CAMERA2D.OBJ
C:\USERS\NATHAN\DOCUMENTS\VISUAL STUDIO 2012\PROJECTS\OPENGLMODERN\OPENGLMODERN\RELEASE\BLOCK.OBJ
C:\USERS\NATHAN\DOCUMENTS\VISUAL STUDIO 2012\PROJECTS\OPENGLMODERN\OPENGLMODERN\RELEASE\VC110.PDB
C:\USERS\NATHAN\DOCUMENTS\VISUAL STUDIO 2012\PROJECTS\OPENGLMODERN\OPENGLMODERN\RELEASE\WINDOW.OBJ
C:\USERS\NATHAN\DOCUMENTS\VISUAL STUDIO 2012\PROJECTS\OPENGLMODERN\OPENGLMODERN\RELEASE\YUWINDOW.OBJ
C:\USERS\NATHAN\DOCUMENTS\VISUAL STUDIO 2012\PROJECTS\OPENGLMODERN\RELEASE\YUENGINE.LIB
C:\Users\Nathan\Documents\Visual Studio 2012\Projects\OpenGLModern\OpenGLModern\Release\Block.obj
C:\Users\Nathan\Documents\Visual Studio 2012\Projects\OpenGLModern\OpenGLModern\Release\Camera2D.obj
C:\Users\Nathan\Documents\Visual Studio 2012\Projects\OpenGLModern\OpenGLModern\Release\Container.obj
C:\Users\Nathan\Documents\Visual Studio 2012\Projects\OpenGLModern\OpenGLModern\Release\DebugOverlay.obj
C:\Users\Nathan\Documents\Visual Studio 2012\Projects\OpenGLModern\OpenGLModern\Release\FontRenderer.obj
C:\Users\Nathan\Documents\Visual Studio 2012\Projects\OpenGLModern\OpenGLModern\Release\FpsCounter.obj
C:\Users\Nathan\Documents\Visual Studio 2012\Projects\OpenGLModern\OpenGLModern\Release\GameRenderer.obj
C:\Users\Nathan\Documents\Visual Studio 2012\Projects\OpenGLModern\OpenGLModern\Release\Input.obj
C:\Users\Nathan\Documents\Visual Studio 2012\Projects\OpenGLModern\OpenGLModern\Release\main.obj
C:\Users\Nathan\Documents\Visual Studio 2012\Projects\OpenGLModern\OpenGLModern\Release\Object.obj
C:\Users\Nathan\Documents\Visual Studio 2012\Projects\OpenGLModern\OpenGLModern\Release\OpenGlScene.obj
C:\Users\Nathan\Documents\Visual Studio 2012\Projects\OpenGLModern\OpenGLModern\Release\Renderable.obj
C:\Users\Nathan\Documents\Visual Studio 2012\Projects\OpenGLModern\OpenGLModern\Release\Shader.obj
C:\Users\Nathan\Documents\Visual Studio 2012\Projects\OpenGLModern\OpenGLModern\Release\SpriteRect.obj
C:\Users\Nathan\Documents\Visual Studio 2012\Projects\OpenGLModern\OpenGLModern\Release\Spritesheet.obj
C:\Users\Nathan\Documents\Visual Studio 2012\Projects\OpenGLModern\OpenGLModern\Release\SpritesheetsManager.obj
C:\Users\Nathan\Documents\Visual Studio 2012\Projects\OpenGLModern\OpenGLModern\Release\Texture.obj
C:\Users\Nathan\Documents\Visual Studio 2012\Projects\OpenGLModern\OpenGLModern\Release\Utils.obj
C:\Users\Nathan\Documents\Visual Studio 2012\Projects\OpenGLModern\OpenGLModern\Release\Window.obj
C:\Users\Nathan\Documents\Visual Studio 2012\Projects\OpenGLModern\OpenGLModern\Release\YuWindow.obj
C:\Users\Nathan\Documents\Visual Studio 2012\Projects\OpenGLModern\OpenGLModern\Release\cl.command.1.tlog
C:\Users\Nathan\Documents\Visual Studio 2012\Projects\OpenGLModern\OpenGLModern\Release\CL.read.1.tlog
C:\Users\Nathan\Documents\Visual Studio 2012\Projects\OpenGLModern\OpenGLModern\Release\CL.write.1.tlog
C:\Users\Nathan\Documents\Visual Studio 2012\Projects\OpenGLModern\OpenGLModern\Release\Lib-link.read.1.tlog
C:\Users\Nathan\Documents\Visual Studio 2012\Projects\OpenGLModern\OpenGLModern\Release\Lib-link.write.1.tlog
C:\Users\Nathan\Documents\Visual Studio 2012\Projects\OpenGLModern\OpenGLModern\Release\lib.command.1.tlog
C:\Users\Nathan\Documents\Visual Studio 2012\Projects\OpenGLModern\OpenGLModern\Release\link-cvtres.read.1.tlog
C:\Users\Nathan\Documents\Visual Studio 2012\Projects\OpenGLModern\OpenGLModern\Release\link-cvtres.write.1.tlog
C:\Users\Nathan\Documents\Visual Studio 2012\Projects\OpenGLModern\OpenGLModern\Release\link-rc.read.1.tlog
C:\Users\Nathan\Documents\Visual Studio 2012\Projects\OpenGLModern\OpenGLModern\Release\link-rc.write.1.tlog
C:\Users\Nathan\Documents\Visual Studio 2012\Projects\OpenGLModern\OpenGLModern\Release\link.command.1.tlog
C:\Users\Nathan\Documents\Visual Studio 2012\Projects\OpenGLModern\OpenGLModern\Release\link.read.1.tlog
C:\Users\Nathan\Documents\Visual Studio 2012\Projects\OpenGLModern\OpenGLModern\Release\link.write.1.tlog
C:\Users\Nathan\Documents\Visual Studio 2012\Projects\OpenGLModern\OpenGLModern\Release\vc110.pdb
C:\Users\Nathan\Documents\Visual Studio 2012\Projects\OpenGLModern\Release\YuEngine.lib
